2022-12-02 14:39:33,616 [INFO] Activator:177 - 


2022-12-02 14:39:33,616 [INFO] Activator:178 - !SESSION log4j initialized
2022-12-02 14:39:35,019 [ERROR] LogOutputStream:74 - [STDERR_REDIRECT] 
2022-12-02 14:39:40,058 [INFO] McuFinderGlobals:44 - Set McuFinder mode to 2 (CubeIDE integrated)
2022-12-02 14:39:40,235 [INFO] ApplicationProperties:181 - Using Application install path: /Applications/STM32CubeIDE.app/Contents/Eclipse/plugins/com.st.stm32cube.common.mx_6.6.1.202207061420
2022-12-02 14:39:40,250 [INFO] DbMcusXml:77 - Set database path to: /Applications/STM32CubeIDE.app/Contents/Eclipse/plugins/com.st.stm32cube.common.mx_6.6.1.202207061420//db//mcu/
2022-12-02 14:39:40,251 [INFO] ApiDb:269 - Set plugin database path to: /Applications/STM32CubeIDE.app/Contents/Eclipse/plugins/com.st.stm32cube.common.mx_6.6.1.202207061420//db//plugins/boardmanager/
2022-12-02 14:39:40,255 [WARN] ApiDb:254 - Overriding images path with different value:  => /Applications/STM32CubeIDE.app/Contents/Eclipse/plugins/com.st.stm32cube.common.mx_6.6.1.202207061420//db//plugins/mcufinder/images/
2022-12-02 14:39:40,275 [INFO] ApiDb:249 - Set database path to: /Users/airlanggafidiyanto/.stmcufinder/plugins/mcufinder//mcu/
2022-12-02 14:39:40,276 [INFO] DbMcusAds:124 - Set database path to: /Users/airlanggafidiyanto/.stmcufinder/plugins/mcufinder//mcu/
2022-12-02 14:39:40,278 [INFO] CrossReferenceDbSqlite:201 - Set database path to: /Users/airlanggafidiyanto/.stmcufinder/plugins/mcufinder//mcu/cs/
2022-12-02 14:39:40,504 [INFO] RulesReader:61 - Compatibility file has been processed (282 Rules)
2022-12-02 14:39:40,610 [INFO] DbMcusXml:77 - Set database path to: /Applications/STM32CubeIDE.app/Contents/Eclipse/plugins/com.st.stm32cube.common.mx_6.6.1.202207061420//db//mcu/
2022-12-02 14:39:40,610 [INFO] ApiDb:269 - Set plugin database path to: /Applications/STM32CubeIDE.app/Contents/Eclipse/plugins/com.st.stm32cube.common.mx_6.6.1.202207061420//db//plugins/boardmanager/
2022-12-02 14:39:40,613 [INFO] ApiDb:256 - Set plugin images path to: /Applications/STM32CubeIDE.app/Contents/Eclipse/plugins/com.st.stm32cube.common.mx_6.6.1.202207061420//db//plugins/mcufinder/images/
2022-12-02 14:39:40,614 [WARN] DbFile:40 - Overriding database path with different value: /Users/airlanggafidiyanto/.stmcufinder/plugins/mcufinder/ => /Users/airlanggafidiyanto/.stmcufinder/plugins/mcufinder
2022-12-02 14:39:40,614 [INFO] ApiDb:249 - Set database path to: /Users/airlanggafidiyanto/.stmcufinder/plugins/mcufinder//mcu/
2022-12-02 14:39:40,614 [WARN] DbFile:40 - Overriding database path with different value: /Users/airlanggafidiyanto/.stmcufinder/plugins/mcufinder/ => /Users/airlanggafidiyanto/.stmcufinder/plugins/mcufinder
2022-12-02 14:39:40,614 [INFO] DbMcusAds:124 - Set database path to: /Users/airlanggafidiyanto/.stmcufinder/plugins/mcufinder//mcu/
2022-12-02 14:39:40,615 [WARN] DbFile:40 - Overriding database path with different value: /Users/airlanggafidiyanto/.stmcufinder/plugins/mcufinder/ => /Users/airlanggafidiyanto/.stmcufinder/plugins/mcufinder
2022-12-02 14:39:40,615 [WARN] DbFile:40 - Overriding database path with different value: /Users/airlanggafidiyanto/.stmcufinder/plugins/mcufinder/ => /Users/airlanggafidiyanto/.stmcufinder/plugins/mcufinder
2022-12-02 14:39:40,615 [INFO] CrossReferenceDbSqlite:201 - Set database path to: /Users/airlanggafidiyanto/.stmcufinder/plugins/mcufinder//mcu/cs/
2022-12-02 14:39:40,700 [INFO] MainPanel:242 - HeapMemory: 268435456
2022-12-02 14:39:40,791 [INFO] DbMcusXml:77 - Set database path to: /Applications/STM32CubeIDE.app/Contents/Eclipse/plugins/com.st.stm32cube.common.mx_6.6.1.202207061420//db//mcu/
2022-12-02 14:39:40,792 [INFO] ApiDb:269 - Set plugin database path to: /Applications/STM32CubeIDE.app/Contents/Eclipse/plugins/com.st.stm32cube.common.mx_6.6.1.202207061420//db//plugins/boardmanager/
2022-12-02 14:39:40,792 [INFO] ApiDb:256 - Set plugin images path to: /Applications/STM32CubeIDE.app/Contents/Eclipse/plugins/com.st.stm32cube.common.mx_6.6.1.202207061420//db//plugins/mcufinder/images/
2022-12-02 14:39:40,792 [WARN] DbFile:40 - Overriding database path with different value: /Users/airlanggafidiyanto/.stmcufinder/plugins/mcufinder/ => /Users/airlanggafidiyanto/.stmcufinder/plugins/mcufinder
2022-12-02 14:39:40,793 [INFO] ApiDb:249 - Set database path to: /Users/airlanggafidiyanto/.stmcufinder/plugins/mcufinder//mcu/
2022-12-02 14:39:40,793 [WARN] DbFile:40 - Overriding database path with different value: /Users/airlanggafidiyanto/.stmcufinder/plugins/mcufinder/ => /Users/airlanggafidiyanto/.stmcufinder/plugins/mcufinder
2022-12-02 14:39:40,793 [INFO] DbMcusAds:124 - Set database path to: /Users/airlanggafidiyanto/.stmcufinder/plugins/mcufinder//mcu/
2022-12-02 14:39:40,793 [WARN] DbFile:40 - Overriding database path with different value: /Users/airlanggafidiyanto/.stmcufinder/plugins/mcufinder/ => /Users/airlanggafidiyanto/.stmcufinder/plugins/mcufinder
2022-12-02 14:39:40,793 [WARN] DbFile:40 - Overriding database path with different value: /Users/airlanggafidiyanto/.stmcufinder/plugins/mcufinder/ => /Users/airlanggafidiyanto/.stmcufinder/plugins/mcufinder
2022-12-02 14:39:40,793 [INFO] CrossReferenceDbSqlite:201 - Set database path to: /Users/airlanggafidiyanto/.stmcufinder/plugins/mcufinder//mcu/cs/
2022-12-02 14:39:40,815 [INFO] ApplicationProperties:181 - Using Application install path: /Applications/STM32CubeIDE.app/Contents/Eclipse/plugins/com.st.stm32cube.common.mx_6.6.1.202207061420
2022-12-02 14:39:40,816 [INFO] PluginManage:193 - Search for loadable plugins [exclusion list=, ]
2022-12-02 14:39:40,818 [INFO] PluginManage:307 - Check plugin analytics
2022-12-02 14:39:41,006 [INFO] AnalyticsPlugin:262 - Accepted Software Licenses: 
2022-12-02 14:39:41,010 [INFO] AnalyticsPlugin:264 - Accepted CMSIS Pack Licenses: 
2022-12-02 14:39:41,011 [INFO] AnalyticsPlugin:266 - Accepted Firmware Licenses: FW.WL.1.2.0
2022-12-02 14:39:41,020 [INFO] PluginManage:356 - Loaded plugin analytics (category:tool,tabindex:-1)
2022-12-02 14:39:41,022 [INFO] PluginManage:307 - Check plugin cadmodel
2022-12-02 14:39:41,036 [INFO] CADModel:65 - Init CAD model plugin
2022-12-02 14:39:41,036 [INFO] PluginManage:356 - Loaded plugin cadmodel (category:power,tabindex:5)
2022-12-02 14:39:41,037 [INFO] PluginManage:307 - Check plugin clock
2022-12-02 14:39:41,053 [INFO] PluginManage:356 - Loaded plugin clock (category:base,tabindex:2)
2022-12-02 14:39:41,053 [INFO] PluginManage:307 - Check plugin ddr
2022-12-02 14:39:41,055 [INFO] PluginManage:356 - Loaded plugin ddr (category:tool,tabindex:6)
2022-12-02 14:39:41,055 [INFO] PluginManage:307 - Check plugin filemanager
2022-12-02 14:39:41,198 [INFO] PluginManage:356 - Loaded plugin filemanager (category:base,tabindex:10)
2022-12-02 14:39:41,199 [INFO] PluginManage:307 - Check plugin ipmanager
2022-12-02 14:39:41,206 [INFO] PluginManage:356 - Loaded plugin ipmanager (category:base,tabindex:5)
2022-12-02 14:39:41,206 [INFO] PluginManage:307 - Check plugin lpbam
2022-12-02 14:39:41,218 [INFO] PluginManage:356 - Loaded plugin lpbam (category:base,tabindex:0)
2022-12-02 14:39:41,218 [INFO] PluginManage:307 - Check plugin pinoutandconfiguration
2022-12-02 14:39:41,226 [INFO] PluginManage:356 - Loaded plugin pinoutandconfiguration (category:base,tabindex:1)
2022-12-02 14:39:41,226 [INFO] PluginManage:307 - Check plugin pinoutconfig
2022-12-02 14:39:41,259 [INFO] PluginManage:356 - Loaded plugin pinoutconfig (category:base,tabindex:0)
2022-12-02 14:39:41,262 [INFO] PluginManage:307 - Check plugin power
2022-12-02 14:39:41,277 [INFO] PluginManage:356 - Loaded plugin power (category:power,tabindex:4)
2022-12-02 14:39:41,277 [INFO] PluginManage:307 - Check plugin projectmanager
2022-12-02 14:39:41,302 [INFO] PluginManage:356 - Loaded plugin projectmanager (category:projectmanager,tabindex:3)
2022-12-02 14:39:41,303 [INFO] PluginManage:307 - Check plugin thirdparty
2022-12-02 14:39:41,574 [WARN] IntegrityCheckThread:82 - waiting for thirdparty lock release [integrity check]
2022-12-02 14:39:41,576 [INFO] PluginManage:356 - Loaded plugin thirdparty (category:base,tabindex:-1)
2022-12-02 14:39:41,577 [INFO] IntegrityCheckThread:84 - entering critical section [integrity check]
2022-12-02 14:39:41,577 [INFO] PluginManage:307 - Check plugin tools
2022-12-02 14:39:41,732 [INFO] PluginManage:356 - Loaded plugin tools (category:base,tabindex:7)
2022-12-02 14:39:41,736 [INFO] ThirdPartyUpdaterWithRetryManager:70 - Updater plugin not ready yet. [1/15]
2022-12-02 14:39:41,738 [INFO] PluginManage:307 - Check plugin tutovideos
2022-12-02 14:39:42,022 [INFO] PluginManage:356 - Loaded plugin tutovideos (category:base,tabindex:-1)
2022-12-02 14:39:42,023 [INFO] PluginManage:307 - Check plugin updater
2022-12-02 14:39:42,059 [INFO] PluginManage:356 - Loaded plugin updater (category:base,tabindex:12)
2022-12-02 14:39:42,062 [INFO] PluginManage:280 - PluginManage : Loaded plugins [15]
2022-12-02 14:39:43,241 [INFO] PinOutPanel:1468 - setPackage(No Configuration,No Configuration)
2022-12-02 14:39:43,316 [INFO] CADModel:98 - CPN selected for project level
2022-12-02 14:39:43,330 [INFO] IPUIPlugin:79 - create IPUIPlugin
2022-12-02 14:39:43,331 [INFO] PluginManager:217 - loadIPPluginJar : add mdma
2022-12-02 14:39:43,337 [INFO] IPUIPlugin:79 - create IPUIPlugin
2022-12-02 14:39:43,337 [INFO] PluginManager:217 - loadIPPluginJar : add freertos
2022-12-02 14:39:43,341 [INFO] IPUIPlugin:79 - create IPUIPlugin
2022-12-02 14:39:43,341 [INFO] PluginManager:217 - loadIPPluginJar : add gic
2022-12-02 14:39:43,348 [INFO] IPUIPlugin:79 - create IPUIPlugin
2022-12-02 14:39:43,348 [INFO] PluginManager:217 - loadIPPluginJar : add adc
2022-12-02 14:39:43,350 [INFO] IPUIPlugin:79 - create IPUIPlugin
2022-12-02 14:39:43,351 [INFO] PluginManager:217 - loadIPPluginJar : add gtzc
2022-12-02 14:39:43,352 [INFO] IPUIPlugin:79 - create IPUIPlugin
2022-12-02 14:39:43,352 [INFO] PluginManager:217 - loadIPPluginJar : add quadspi
2022-12-02 14:39:43,354 [INFO] IPUIPlugin:79 - create IPUIPlugin
2022-12-02 14:39:43,354 [INFO] PluginManager:217 - loadIPPluginJar : add aes
2022-12-02 14:39:43,356 [INFO] IPUIPlugin:79 - create IPUIPlugin
2022-12-02 14:39:43,356 [INFO] PluginManager:217 - loadIPPluginJar : add pdm2pcm
2022-12-02 14:39:43,358 [INFO] IPUIPlugin:79 - create IPUIPlugin
2022-12-02 14:39:43,359 [INFO] PluginManager:217 - loadIPPluginJar : add hash
2022-12-02 14:39:43,360 [INFO] IPUIPlugin:79 - create IPUIPlugin
2022-12-02 14:39:43,360 [INFO] PluginManager:217 - loadIPPluginJar : add tim
2022-12-02 14:39:43,361 [INFO] IPUIPlugin:79 - create IPUIPlugin
2022-12-02 14:39:43,361 [INFO] PluginManager:217 - loadIPPluginJar : add tsc
2022-12-02 14:39:43,362 [INFO] IPUIPlugin:79 - create IPUIPlugin
2022-12-02 14:39:43,363 [INFO] PluginManager:217 - loadIPPluginJar : add ts
2022-12-02 14:39:43,365 [INFO] IPUIPlugin:79 - create IPUIPlugin
2022-12-02 14:39:43,365 [INFO] PluginManager:217 - loadIPPluginJar : add can
2022-12-02 14:39:43,367 [INFO] IPUIPlugin:79 - create IPUIPlugin
2022-12-02 14:39:43,367 [INFO] PluginManager:217 - loadIPPluginJar : add dma3
2022-12-02 14:39:43,368 [INFO] IPUIPlugin:79 - create IPUIPlugin
2022-12-02 14:39:43,368 [INFO] PluginManager:217 - loadIPPluginJar : add dfsdm
2022-12-02 14:39:43,370 [INFO] IPUIPlugin:79 - create IPUIPlugin
2022-12-02 14:39:43,370 [INFO] PluginManager:217 - loadIPPluginJar : add spi
2022-12-02 14:39:43,372 [INFO] IPUIPlugin:79 - create IPUIPlugin
2022-12-02 14:39:43,372 [INFO] PluginManager:217 - loadIPPluginJar : add gfxmmu
2022-12-02 14:39:43,373 [INFO] IPUIPlugin:79 - create IPUIPlugin
2022-12-02 14:39:43,373 [INFO] PluginManager:217 - loadIPPluginJar : add genericplugin
2022-12-02 14:39:43,375 [INFO] IPUIPlugin:79 - create IPUIPlugin
2022-12-02 14:39:43,375 [INFO] PluginManager:217 - loadIPPluginJar : add cryp
2022-12-02 14:39:43,378 [INFO] IPUIPlugin:79 - create IPUIPlugin
2022-12-02 14:39:43,383 [INFO] PluginManager:217 - loadIPPluginJar : add gpio
2022-12-02 14:39:43,385 [INFO] IPUIPlugin:79 - create IPUIPlugin
2022-12-02 14:39:43,386 [INFO] PluginManager:217 - loadIPPluginJar : add comp
2022-12-02 14:39:43,387 [INFO] IPUIPlugin:79 - create IPUIPlugin
2022-12-02 14:39:43,387 [INFO] PluginManager:217 - loadIPPluginJar : add tracer_emb
2022-12-02 14:39:43,389 [INFO] IPUIPlugin:79 - create IPUIPlugin
2022-12-02 14:39:43,389 [INFO] PluginManager:217 - loadIPPluginJar : add openamp
2022-12-02 14:39:43,393 [INFO] IPUIPlugin:79 - create IPUIPlugin
2022-12-02 14:39:43,393 [INFO] PluginManager:217 - loadIPPluginJar : add stm32_wpan
2022-12-02 14:39:43,397 [INFO] IPUIPlugin:79 - create IPUIPlugin
2022-12-02 14:39:43,400 [INFO] PluginManager:217 - loadIPPluginJar : add plateformsettings
2022-12-02 14:39:43,404 [INFO] IPUIPlugin:79 - create IPUIPlugin
2022-12-02 14:39:43,405 [INFO] PluginManager:217 - loadIPPluginJar : add ipddr
2022-12-02 14:39:43,407 [INFO] IPUIPlugin:79 - create IPUIPlugin
2022-12-02 14:39:43,407 [INFO] PluginManager:217 - loadIPPluginJar : add usart
2022-12-02 14:39:43,408 [INFO] IPUIPlugin:79 - create IPUIPlugin
2022-12-02 14:39:43,408 [INFO] PluginManager:217 - loadIPPluginJar : add ltdc
2022-12-02 14:39:43,411 [INFO] IPUIPlugin:79 - create IPUIPlugin
2022-12-02 14:39:43,412 [INFO] PluginManager:217 - loadIPPluginJar : add nvic
2022-12-02 14:39:43,413 [INFO] IPUIPlugin:79 - create IPUIPlugin
2022-12-02 14:39:43,413 [INFO] PluginManager:217 - loadIPPluginJar : add fatfs
2022-12-02 14:39:43,418 [INFO] IPUIPlugin:79 - create IPUIPlugin
2022-12-02 14:39:43,419 [INFO] PluginManager:217 - loadIPPluginJar : add linkedlist
2022-12-02 14:39:43,423 [INFO] IPUIPlugin:79 - create IPUIPlugin
2022-12-02 14:39:43,423 [INFO] PluginManager:217 - loadIPPluginJar : add dma
2022-12-02 14:39:43,426 [INFO] IPUIPlugin:79 - create IPUIPlugin
2022-12-02 14:39:43,426 [INFO] PluginManager:217 - loadIPPluginJar : add fmc
2022-12-02 14:39:43,427 [INFO] IPUIPlugin:79 - create IPUIPlugin
2022-12-02 14:39:43,428 [INFO] PluginManager:217 - loadIPPluginJar : add i2s
2022-12-02 14:39:43,429 [INFO] IPUIPlugin:79 - create IPUIPlugin
2022-12-02 14:39:43,429 [INFO] PluginManager:217 - loadIPPluginJar : add ucpd
2022-12-02 14:39:43,430 [INFO] IPUIPlugin:79 - create IPUIPlugin
2022-12-02 14:39:43,430 [INFO] PluginManager:217 - loadIPPluginJar : add lorawan
2022-12-02 14:39:43,432 [INFO] IPUIPlugin:79 - create IPUIPlugin
2022-12-02 14:39:43,433 [INFO] PluginManager:217 - loadIPPluginJar : add opamp
2022-12-02 14:39:43,436 [INFO] IPUIPlugin:79 - create IPUIPlugin
2022-12-02 14:39:43,436 [INFO] PluginManager:217 - loadIPPluginJar : add touchsensing
2022-12-02 14:39:43,438 [INFO] IPUIPlugin:79 - create IPUIPlugin
2022-12-02 14:39:43,438 [INFO] PluginManager:217 - loadIPPluginJar : add i2c
2022-12-02 14:39:43,440 [INFO] IPUIPlugin:79 - create IPUIPlugin
2022-12-02 14:39:43,440 [INFO] PluginManager:217 - loadIPPluginJar : add resmgrutility
2022-12-02 14:39:43,442 [INFO] IPUIPlugin:79 - create IPUIPlugin
2022-12-02 14:39:43,443 [INFO] PluginManager:217 - loadIPPluginJar : add sai
2022-12-02 14:39:43,445 [INFO] IPUIPlugin:79 - create IPUIPlugin
2022-12-02 14:39:43,446 [INFO] PluginManager:217 - loadIPPluginJar : add usbx
2022-12-02 14:39:43,766 [FATAL] Updater:301 - Updater called before beeing initialized
2022-12-02 14:39:43,929 [FATAL] Updater:301 - Updater called before beeing initialized
2022-12-02 14:39:43,941 [INFO] DbMcusAds:52 - JSON generation date=Thu Sep 30 13:55:09 WIB 2021 (1632984909247)
2022-12-02 14:39:43,941 [FATAL] Updater:301 - Updater called before beeing initialized
2022-12-02 14:39:43,994 [WARN] DetailPanel:344 - Failed to get advertising image, set to default
2022-12-02 14:39:44,165 [FATAL] Updater:301 - Updater called before beeing initialized
2022-12-02 14:39:44,171 [FATAL] Updater:301 - Updater called before beeing initialized
2022-12-02 14:39:44,171 [FATAL] Updater:301 - Updater called before beeing initialized
2022-12-02 14:39:44,171 [WARN] DetailPanel:344 - Failed to get advertising image, set to default
2022-12-02 14:39:44,175 [FATAL] Updater:301 - Updater called before beeing initialized
2022-12-02 14:39:44,254 [ERROR] Updater:1105 - MainUpdater not yet initialized. External WinMGr cannot be set.
2022-12-02 14:39:44,316 [INFO] Updater:1041 - Updater Version found : 6.6.1
2022-12-02 14:39:44,335 [INFO] ApplicationProperties:181 - Using Application install path: /Applications/STM32CubeIDE.app/Contents/Eclipse/plugins/com.st.stm32cube.common.mx_6.6.1.202207061420
2022-12-02 14:39:44,631 [INFO] MainUpdater:2768 - connection check result : 10
2022-12-02 14:39:44,632 [INFO] MainUpdater:280 - Updater Check For Update Now.
2022-12-02 14:39:44,633 [INFO] MicroXplorer:481 - Change Database Version : DB.6.0.60
2022-12-02 14:39:44,745 [WARN] MainUpdater:1184 - Updater busy. Cannot search thirdparties
2022-12-02 14:39:44,746 [INFO] ThirdPartyUpdaterWithRetryManager:96 - Updater plugin is busy. [1/15]
2022-12-02 14:39:44,866 [INFO] CheckServerUpdateThread:119 - End of CheckServer Thread
2022-12-02 14:39:45,048 [INFO] MainUpdater:2768 - connection check result : 10
2022-12-02 14:39:45,058 [INFO] McuFinderGlobals:57 - Set McuFinderConnectedMode to true
2022-12-02 14:39:45,493 [ERROR] LogOutputStream:74 - [STDERR_REDIRECT] java.lang.IndexOutOfBoundsException: Index 4 out of bounds for length 4
2022-12-02 14:39:45,495 [ERROR] LogOutputStream:74 - [STDERR_REDIRECT] 	at java.base/jdk.internal.util.Preconditions.outOfBounds(Preconditions.java:64)
2022-12-02 14:39:45,495 [ERROR] LogOutputStream:74 - [STDERR_REDIRECT] 	at java.base/jdk.internal.util.Preconditions.outOfBoundsCheckIndex(Preconditions.java:70)
2022-12-02 14:39:45,496 [ERROR] LogOutputStream:74 - [STDERR_REDIRECT] 	at java.base/jdk.internal.util.Preconditions.checkIndex(Preconditions.java:248)
2022-12-02 14:39:45,496 [ERROR] LogOutputStream:74 - [STDERR_REDIRECT] 	at java.base/java.util.Objects.checkIndex(Objects.java:372)
2022-12-02 14:39:45,496 [ERROR] LogOutputStream:74 - [STDERR_REDIRECT] 	at java.base/java.util.ArrayList.get(ArrayList.java:459)
2022-12-02 14:39:45,496 [ERROR] LogOutputStream:74 - [STDERR_REDIRECT] 	at java.desktop/java.awt.Container.createHierarchyEvents(Container.java:1466)
2022-12-02 14:39:45,496 [ERROR] LogOutputStream:74 - [STDERR_REDIRECT] 	at java.desktop/java.awt.Container.createHierarchyEvents(Container.java:1466)
2022-12-02 14:39:45,496 [ERROR] LogOutputStream:74 - [STDERR_REDIRECT] 	at java.desktop/java.awt.Container.createHierarchyEvents(Container.java:1466)
2022-12-02 14:39:45,496 [ERROR] LogOutputStream:74 - [STDERR_REDIRECT] 	at java.desktop/java.awt.Container.createHierarchyEvents(Container.java:1466)
2022-12-02 14:39:45,496 [ERROR] LogOutputStream:74 - [STDERR_REDIRECT] 	at java.desktop/java.awt.Container.createHierarchyEvents(Container.java:1466)
2022-12-02 14:39:45,497 [ERROR] LogOutputStream:74 - [STDERR_REDIRECT] 	at java.desktop/java.awt.Container.createHierarchyEvents(Container.java:1466)
2022-12-02 14:39:45,497 [ERROR] LogOutputStream:74 - [STDERR_REDIRECT] 	at java.desktop/java.awt.Dialog.conditionalShow(Dialog.java:953)
2022-12-02 14:39:45,497 [ERROR] LogOutputStream:74 - [STDERR_REDIRECT] 	at java.desktop/java.awt.Dialog.show(Dialog.java:1045)
2022-12-02 14:39:45,497 [ERROR] LogOutputStream:74 - [STDERR_REDIRECT] 	at com.st.microxplorer.plugins.updater.gui.ProgressBarDialog.startProgressBar(ProgressBarDialog.java:153)
2022-12-02 14:39:45,497 [ERROR] LogOutputStream:74 - [STDERR_REDIRECT] 	at com.st.microxplorer.plugins.updater.engine.MainUpdater.loadUrlFiles(MainUpdater.java:2423)
2022-12-02 14:39:45,497 [ERROR] LogOutputStream:74 - [STDERR_REDIRECT] 	at com.st.microxplorer.plugins.updater.Updater.getSpecificTask(Updater.java:359)
2022-12-02 14:39:45,498 [ERROR] LogOutputStream:74 - [STDERR_REDIRECT] 	at com.st.microxplorer.mcufinder.gui.WebUtils.downloadDbFile(WebUtils.java:611)
2022-12-02 14:39:45,498 [ERROR] LogOutputStream:74 - [STDERR_REDIRECT] 	at com.st.microxplorer.mcufinder.gui.WebUtils.downloadDbFiles(WebUtils.java:754)
2022-12-02 14:39:45,498 [ERROR] LogOutputStream:74 - [STDERR_REDIRECT] 	at com.st.stm32cube.common.mx.targetselector.TargetSelectorAdapter$4.run(TargetSelectorAdapter.java:226)
2022-12-02 14:39:45,498 [ERROR] LogOutputStream:74 - [STDERR_REDIRECT] 	at com.st.stm32cube.common.mx.oss.core.awtswtbridge.AwtEnvironment$2.run(AwtEnvironment.java:166)
2022-12-02 14:39:45,498 [ERROR] LogOutputStream:74 - [STDERR_REDIRECT] 	at java.desktop/java.awt.event.InvocationEvent.dispatch(InvocationEvent.java:313)
2022-12-02 14:39:45,499 [ERROR] LogOutputStream:74 - [STDERR_REDIRECT] 	at java.desktop/java.awt.EventQueue.dispatchEventImpl(EventQueue.java:770)
2022-12-02 14:39:45,499 [ERROR] LogOutputStream:74 - [STDERR_REDIRECT] 	at java.desktop/java.awt.EventQueue$4.run(EventQueue.java:721)
2022-12-02 14:39:45,499 [ERROR] LogOutputStream:74 - [STDERR_REDIRECT] 	at java.desktop/java.awt.EventQueue$4.run(EventQueue.java:715)
2022-12-02 14:39:45,499 [ERROR] LogOutputStream:74 - [STDERR_REDIRECT] 	at java.base/java.security.AccessController.doPrivileged(Native Method)
2022-12-02 14:39:45,499 [ERROR] LogOutputStream:74 - [STDERR_REDIRECT] 	at java.base/java.security.ProtectionDomain$JavaSecurityAccessImpl.doIntersectionPrivilege(ProtectionDomain.java:85)
2022-12-02 14:39:45,499 [ERROR] LogOutputStream:74 - [STDERR_REDIRECT] 	at java.desktop/java.awt.EventQueue.dispatchEvent(EventQueue.java:740)
2022-12-02 14:39:45,501 [ERROR] LogOutputStream:74 - [STDERR_REDIRECT] 	at java.desktop/java.awt.EventDispatchThread.pumpOneEventForFilters(EventDispatchThread.java:203)
2022-12-02 14:39:45,505 [INFO] ServerAccessManage:474 - Download File mcusAds.json._tmp_
2022-12-02 14:39:45,506 [ERROR] LogOutputStream:74 - [STDERR_REDIRECT] 	at java.desktop/java.awt.EventDispatchThread.pumpEventsForFilter(EventDispatchThread.java:124)
2022-12-02 14:39:45,507 [ERROR] LogOutputStream:74 - [STDERR_REDIRECT] 	at java.desktop/java.awt.EventDispatchThread.pumpEventsForHierarchy(EventDispatchThread.java:113)
2022-12-02 14:39:45,507 [ERROR] LogOutputStream:74 - [STDERR_REDIRECT] 	at java.desktop/java.awt.EventDispatchThread.pumpEvents(EventDispatchThread.java:109)
2022-12-02 14:39:45,507 [ERROR] LogOutputStream:74 - [STDERR_REDIRECT] 	at java.desktop/java.awt.EventDispatchThread.pumpEvents(EventDispatchThread.java:101)
2022-12-02 14:39:45,507 [ERROR] LogOutputStream:74 - [STDERR_REDIRECT] 	at java.desktop/java.awt.EventDispatchThread.run(EventDispatchThread.java:90)
2022-12-02 14:39:45,633 [INFO] LoadUrlFilesThread:150 - End of LoadUrlFiles Thread
2022-12-02 14:39:47,615 [INFO] DbMcusAds:52 - JSON generation date=Thu Sep 30 13:55:09 WIB 2021 (1632984909247)
2022-12-02 14:39:47,655 [ERROR] TargetSelectorAdapter:236 - Unable to refresh data
2022-12-02 14:39:47,915 [WARN] PackLoader:242 - Cannot read IP mode file for STMicroelectronics.X-CUBE-GNSS1.6.0.0
2022-12-02 14:39:47,959 [WARN] PackLoader:242 - Cannot read IP mode file for STMicroelectronics.X-CUBE-BLE1.6.2.3
2022-12-02 14:39:47,989 [WARN] PackLoader:242 - Cannot read IP mode file for STMicroelectronics.X-CUBE-BLE1.6.2.4
2022-12-02 14:39:48,042 [WARN] PackLoader:242 - Cannot read IP mode file for emotas.I-CUBE-CANOPEN.1.1.3
2022-12-02 14:39:48,079 [WARN] PackLoader:242 - Cannot read IP mode file for STMicroelectronics.X-CUBE-NFC4.2.0.5
2022-12-02 14:39:48,124 [WARN] PackLoader:242 - Cannot read IP mode file for STMicroelectronics.X-CUBE-NFC4.2.0.4
2022-12-02 14:39:48,136 [INFO] McuFinderGlobals:57 - Set McuFinderConnectedMode to false
2022-12-02 14:39:48,155 [INFO] MultiScanPanel:195 - Auto-refresh data requested => check proxy status ongoing
2022-12-02 14:39:48,155 [INFO] MultiScanPanel:199 - Proxy status is invalid
2022-12-02 14:39:48,160 [INFO] FinderPluginLoader:92 - Searching for filters in installed packs
2022-12-02 14:39:48,167 [WARN] PackLoader:242 - Cannot read IP mode file for STMicroelectronics.X-CUBE-NFC7.1.0.0
2022-12-02 14:39:48,197 [WARN] PackLoader:242 - Cannot read IP mode file for STMicroelectronics.X-CUBE-BLE2.3.3.0
2022-12-02 14:39:48,224 [WARN] PackLoader:242 - Cannot read IP mode file for STMicroelectronics.X-CUBE-DISPLAY.2.2.0
2022-12-02 14:39:48,275 [WARN] PackLoader:242 - Cannot read IP mode file for RoweBots.I-CUBE-UNISONRTOS.5.5.0-4
2022-12-02 14:39:48,392 [WARN] PackLoader:242 - Cannot read IP mode file for STMicroelectronics.X-CUBE-AZRTOS-H7.2.1.0
2022-12-02 14:39:48,450 [WARN] PackLoader:242 - Cannot read IP mode file for STMicroelectronics.X-CUBE-ALGOBUILD.1.3.0
2022-12-02 14:39:48,489 [WARN] PackLoader:242 - Cannot read IP mode file for STMicroelectronics.X-CUBE-SUBG2.5.0.0
2022-12-02 14:39:48,546 [WARN] PackLoader:242 - Cannot read IP mode file for STMicroelectronics.X-CUBE-AZRTOS-G4.1.0.0
2022-12-02 14:39:48,602 [WARN] PackLoader:242 - Cannot read IP mode file for STMicroelectronics.X-CUBE-AZRTOS-L4.1.0.0
2022-12-02 14:39:48,657 [WARN] PackLoader:242 - Cannot read IP mode file for STMicroelectronics.X-CUBE-AZRTOS-WL.1.0.0
2022-12-02 14:39:48,682 [WARN] PackLoader:242 - Cannot read IP mode file for portGmbH.I-Cube-SoM-uGOAL.1.1.0
2022-12-02 14:39:48,696 [WARN] PackLoader:242 - Cannot read IP mode file for STMicroelectronics.X-CUBE-ALS.1.0.1
2022-12-02 14:39:48,734 [WARN] PackLoader:242 - Cannot read IP mode file for STMicroelectronics.X-CUBE-AZRTOS-L5.1.0.0
2022-12-02 14:39:48,746 [WARN] PackLoader:242 - Cannot read IP mode file for STMicroelectronics.X-CUBE-EEPRMA1.3.1.1
2022-12-02 14:39:48,749 [INFO] ThirdParty:929 - Integrity check success = true
2022-12-02 14:39:48,751 [INFO] IntegrityCheckThread:98 - exiting critical section [integrity check]
2022-12-02 14:39:48,751 [INFO] IntegrityCheckThread:101 - End integrity checks thread
2022-12-02 14:39:48,793 [INFO] ApiDb:576 - Connected to CubeFinder SQLite database (/Users/airlanggafidiyanto/.stmcufinder/plugins/mcufinder/mcu/cube-finder-db.db)
2022-12-02 14:39:48,843 [INFO] ApiDb:663 - CubeFinder database Data Model version=2.1
2022-12-02 14:39:48,844 [INFO] ApiDb:664 - CubeFinder database Configuration version=3.0.35
2022-12-02 14:39:48,845 [INFO] ApiDb:665 - CubeFinder database generation date=2022-11-18 (1668769384)
2022-12-02 14:39:48,845 [INFO] ApiDb:666 - CubeFinder database FW Pack versions=[FP-ATR-ASTRA1_V1.1.1, STM32Cube_FW_C0_V1.0.0, STM32Cube_FW_F4_V1.27.1, STM32Cube_FW_F7_V1.17.0, STM32Cube_FW_G0_V1.6.1, STM32Cube_FW_G4_V1.5.0, STM32Cube_FW_H5_V0.5.1, STM32Cube_FW_H7_V1.11.0, STM32Cube_FW_L5_V1.5.0, STM32Cube_FW_U5_V1.1.1, STM32Cube_FW_WBA_V0.2.0, STM32Cube_FW_WB_V1.15.0, STM32Cube_FW_WB_V1.15.0RC1, STM32Cube_FW_WL_V1.3.0, X-CUBE-ALGOBUILD_V1.3.0, X-CUBE-ALS_V1.0.1, X-CUBE-AZRTOS-F4_V1.1.0, X-CUBE-AZRTOS-F7_V1.1.0, X-CUBE-AZRTOS-G0_V1.1.0, X-CUBE-AZRTOS-G4_V1.0.0, X-CUBE-AZRTOS-H7_V2.1.0, X-CUBE-AZRTOS-L4_V1.0.0, X-CUBE-AZRTOS-L5_V1.0.0, X-CUBE-AZRTOS-WL_V1.0.0, X-CUBE-BLE1_V6.2.4, X-CUBE-BLE2_V3.3.0, X-CUBE-BLEMGR_V1.2.0, X-CUBE-EEPRMA1_V3.1.1, X-CUBE-GNSS1_V6.0.0, X-CUBE-MEMS1_V9.1.0, X-CUBE-MEMS1_V9.3.0, X-CUBE-NFC4_V2.0.4, X-CUBE-NFC7_V1.0.0, X-CUBE-SFXS2LP1_V4.0.0, X-CUBE-SUBG2_V5.0.0]
2022-12-02 14:39:50,030 [INFO] ApiDb:239 - Found 138 in-development CPN: [B-WB1M-WPAN1, NUCLEO-C031C6, STEVAL-STWINBX1, STM320518-EVAL, STM32C0116-DK, STM32C011D6Y3TR, STM32C011D6Y6TR, STM32C011F4P3, STM32C011F4P6, STM32C011F4U3, STM32C011F4U6TR, STM32C011F6P3, STM32C011F6P6, STM32C011F6U3, STM32C011F6U6TR, STM32C011J4M3, STM32C011J4M6, STM32C011J6M3, STM32C011J6M6, STM32C0316-DK, STM32C031C4T3, STM32C031C4T6, STM32C031C4U3, STM32C031C4U6, STM32C031C6T3, STM32C031C6T6, STM32C031C6U3, STM32C031C6U6, STM32C031F4P3, STM32C031F4P6, STM32C031F6P3, STM32C031F6P6, STM32C031G4U3, STM32C031G4U6, STM32C031G6U3, STM32C031G6U6, STM32C031K4T3, STM32C031K4T6, STM32C031K4U3, STM32C031K4U6, STM32C031K6T3, STM32C031K6T6, STM32C031K6U3, STM32C031K6U6, STM32G071K8TXN, STM32G071K8UXN, STM32G081GBU6N, STM32G081KBT6N, STM32G081KBUXN, STM32G0B1CCT6N, STM32G0B1KCT6, STM32G0B1NEY6TR, STM32G0B1RCT6N, STM32G0C1CCT6, STM32G0C1CCT6N, STM32G0C1CCU6N, STM32G0C1CET6N, STM32G0C1CEU6N, STM32G0C1KCT6, STM32G0C1NEY6TR, STM32G0C1RCI6N, STM32G0C1RCT6N, STM32G0C1REI6N, STM32G0C1RET6N, STM32G0C1VCI6, STM32G0C1VEI6, STM32G471CCT6, STM32G471CCU6, STM32G471CET3, STM32G471CET6, STM32G471CEU3, STM32G471CEU6, STM32G471MCT6, STM32G471MET3, STM32G471MET6, STM32G471MEY6TR, STM32G471QCT6, STM32G471QET3, STM32G471RCT6, STM32G471RET3, STM32G471RET6, STM32G471VCH6, STM32G471VCI6, STM32G471VCT6, STM32G471VEH3, STM32G471VEH6, STM32G471VEI3, STM32G471VEI6, STM32G471VET3, STM32G471VET6, STM32G474CCT6, STM32L476VGY6PTR, STM32L4R5QGI6STR, STM32MP131AAE3, STM32MP131AAF3, STM32MP131AAG3, STM32MP131CAE3, STM32MP131CAF3, STM32MP131CAG3, STM32MP131DAE7, STM32MP131DAF7, STM32MP131DAG7, STM32MP131FAE7, STM32MP131FAF7, STM32MP131FAG7, STM32MP133AAE3, STM32MP133AAF3, STM32MP133AAG3, STM32MP133CAE3, STM32MP133CAF3, STM32MP133CAG3, STM32MP133DAE7, STM32MP133DAF7, STM32MP133DAG7, STM32MP133FAE7, STM32MP133FAF7, STM32MP133FAG7, STM32MP135AAE3, STM32MP135AAF3, STM32MP135AAG3, STM32MP135CAE3, STM32MP135CAF3, STM32MP135CAG3, STM32MP135DAE7, STM32MP135DAF7, STM32MP135DAG7, STM32MP135F-DK, STM32MP135FAE7, STM32MP135FAF7, STM32MP135FAG7, STM32U595ZJT6Q, STM32U599BJY6QTR, STM32U599NIH6Q, STM32U599NJH6Q, STM32U5A5ZJT6Q, STM32U5A9BJY6QTR, STM32U5A9NJH6Q, STM32WB1MMCH6]
2022-12-02 14:39:50,046 [INFO] DbMcus:215 - Found 3580 MCUs, 3580 are supported
2022-12-02 14:39:50,052 [INFO] ApiDb:418 - Load user favorites file /Users/airlanggafidiyanto/.stm32cubeide/favorites.mcus.txt: 0 item(s)
2022-12-02 14:39:50,053 [INFO] ApiDb:422 - User favorites MCUs=[]
2022-12-02 14:39:50,053 [INFO] DbMcus:221 - Set 0 / 0 favorites MCUs
2022-12-02 14:39:51,591 [INFO] DetailPanel:339 - Set advertising image to /Users/airlanggafidiyanto/STM32Cube/Repository//en.Prom_NBSTM32U50921.jpg
2022-12-02 14:39:52,392 [INFO] ApiDb:663 - CubeFinder database Data Model version=2.1
2022-12-02 14:39:52,397 [INFO] ApiDb:664 - CubeFinder database Configuration version=3.0.35
2022-12-02 14:39:52,398 [INFO] ApiDb:665 - CubeFinder database generation date=2022-11-18 (1668769384)
2022-12-02 14:39:52,398 [INFO] ApiDb:666 - CubeFinder database FW Pack versions=[FP-ATR-ASTRA1_V1.1.1, STM32Cube_FW_C0_V1.0.0, STM32Cube_FW_F4_V1.27.1, STM32Cube_FW_F7_V1.17.0, STM32Cube_FW_G0_V1.6.1, STM32Cube_FW_G4_V1.5.0, STM32Cube_FW_H5_V0.5.1, STM32Cube_FW_H7_V1.11.0, STM32Cube_FW_L5_V1.5.0, STM32Cube_FW_U5_V1.1.1, STM32Cube_FW_WBA_V0.2.0, STM32Cube_FW_WB_V1.15.0, STM32Cube_FW_WB_V1.15.0RC1, STM32Cube_FW_WL_V1.3.0, X-CUBE-ALGOBUILD_V1.3.0, X-CUBE-ALS_V1.0.1, X-CUBE-AZRTOS-F4_V1.1.0, X-CUBE-AZRTOS-F7_V1.1.0, X-CUBE-AZRTOS-G0_V1.1.0, X-CUBE-AZRTOS-G4_V1.0.0, X-CUBE-AZRTOS-H7_V2.1.0, X-CUBE-AZRTOS-L4_V1.0.0, X-CUBE-AZRTOS-L5_V1.0.0, X-CUBE-AZRTOS-WL_V1.0.0, X-CUBE-BLE1_V6.2.4, X-CUBE-BLE2_V3.3.0, X-CUBE-BLEMGR_V1.2.0, X-CUBE-EEPRMA1_V3.1.1, X-CUBE-GNSS1_V6.0.0, X-CUBE-MEMS1_V9.1.0, X-CUBE-MEMS1_V9.3.0, X-CUBE-NFC4_V2.0.4, X-CUBE-NFC7_V1.0.0, X-CUBE-SFXS2LP1_V4.0.0, X-CUBE-SUBG2_V5.0.0]
2022-12-02 14:39:52,477 [INFO] DbBoardsSqlite:227 - include board P-NUCLEO-WB55-NUCLEO as a kit item of type 'Nucleo-64'
2022-12-02 14:39:52,478 [INFO] DbBoardsSqlite:227 - include board P-NUCLEO-WB55-USBDONGLE as a kit item of type 'Nucleo USB Dongle'
2022-12-02 14:39:52,479 [INFO] DbBoardsSqlite:227 - include board STEVAL-IDP005V1 as a kit item of type 'Evaluation Board'
2022-12-02 14:39:52,479 [INFO] DbBoardsSqlite:227 - include board STEVAL-IDP005V2 as a kit item of type 'Evaluation Board'
2022-12-02 14:39:52,503 [INFO] ApiDb:239 - Found 138 in-development CPN: [B-WB1M-WPAN1, NUCLEO-C031C6, STEVAL-STWINBX1, STM320518-EVAL, STM32C0116-DK, STM32C011D6Y3TR, STM32C011D6Y6TR, STM32C011F4P3, STM32C011F4P6, STM32C011F4U3, STM32C011F4U6TR, STM32C011F6P3, STM32C011F6P6, STM32C011F6U3, STM32C011F6U6TR, STM32C011J4M3, STM32C011J4M6, STM32C011J6M3, STM32C011J6M6, STM32C0316-DK, STM32C031C4T3, STM32C031C4T6, STM32C031C4U3, STM32C031C4U6, STM32C031C6T3, STM32C031C6T6, STM32C031C6U3, STM32C031C6U6, STM32C031F4P3, STM32C031F4P6, STM32C031F6P3, STM32C031F6P6, STM32C031G4U3, STM32C031G4U6, STM32C031G6U3, STM32C031G6U6, STM32C031K4T3, STM32C031K4T6, STM32C031K4U3, STM32C031K4U6, STM32C031K6T3, STM32C031K6T6, STM32C031K6U3, STM32C031K6U6, STM32G071K8TXN, STM32G071K8UXN, STM32G081GBU6N, STM32G081KBT6N, STM32G081KBUXN, STM32G0B1CCT6N, STM32G0B1KCT6, STM32G0B1NEY6TR, STM32G0B1RCT6N, STM32G0C1CCT6, STM32G0C1CCT6N, STM32G0C1CCU6N, STM32G0C1CET6N, STM32G0C1CEU6N, STM32G0C1KCT6, STM32G0C1NEY6TR, STM32G0C1RCI6N, STM32G0C1RCT6N, STM32G0C1REI6N, STM32G0C1RET6N, STM32G0C1VCI6, STM32G0C1VEI6, STM32G471CCT6, STM32G471CCU6, STM32G471CET3, STM32G471CET6, STM32G471CEU3, STM32G471CEU6, STM32G471MCT6, STM32G471MET3, STM32G471MET6, STM32G471MEY6TR, STM32G471QCT6, STM32G471QET3, STM32G471RCT6, STM32G471RET3, STM32G471RET6, STM32G471VCH6, STM32G471VCI6, STM32G471VCT6, STM32G471VEH3, STM32G471VEH6, STM32G471VEI3, STM32G471VEI6, STM32G471VET3, STM32G471VET6, STM32G474CCT6, STM32L476VGY6PTR, STM32L4R5QGI6STR, STM32MP131AAE3, STM32MP131AAF3, STM32MP131AAG3, STM32MP131CAE3, STM32MP131CAF3, STM32MP131CAG3, STM32MP131DAE7, STM32MP131DAF7, STM32MP131DAG7, STM32MP131FAE7, STM32MP131FAF7, STM32MP131FAG7, STM32MP133AAE3, STM32MP133AAF3, STM32MP133AAG3, STM32MP133CAE3, STM32MP133CAF3, STM32MP133CAG3, STM32MP133DAE7, STM32MP133DAF7, STM32MP133DAG7, STM32MP133FAE7, STM32MP133FAF7, STM32MP133FAG7, STM32MP135AAE3, STM32MP135AAF3, STM32MP135AAG3, STM32MP135CAE3, STM32MP135CAF3, STM32MP135CAG3, STM32MP135DAE7, STM32MP135DAF7, STM32MP135DAG7, STM32MP135F-DK, STM32MP135FAE7, STM32MP135FAF7, STM32MP135FAG7, STM32U595ZJT6Q, STM32U599BJY6QTR, STM32U599NIH6Q, STM32U599NJH6Q, STM32U5A5ZJT6Q, STM32U5A9BJY6QTR, STM32U5A9NJH6Q, STM32WB1MMCH6]
2022-12-02 14:39:52,595 [INFO] BoardInfo:879 - No configuration file found for board P-NUCLEO-WB55
2022-12-02 14:39:52,595 [INFO] DbBoards:156 - Kit is not supported: P-NUCLEO-WB55
2022-12-02 14:39:52,599 [INFO] BoardInfo:879 - No configuration file found for board STEVAL-BFA001V1B
2022-12-02 14:39:52,599 [INFO] DbBoards:156 - Kit is not supported: STEVAL-BFA001V1B
2022-12-02 14:39:52,600 [INFO] BoardInfo:879 - No configuration file found for board STEVAL-BFA001V2B
2022-12-02 14:39:52,600 [INFO] DbBoards:156 - Kit is not supported: STEVAL-BFA001V2B
2022-12-02 14:39:52,604 [INFO] BoardInfo:879 - No configuration file found for board STEVAL-PROTEUS1
2022-12-02 14:39:52,604 [INFO] DbBoards:156 - Board is not supported: STEVAL-PROTEUS1
2022-12-02 14:39:52,738 [INFO] DbBoards:160 - Found 178 boards, 174 are supported
2022-12-02 14:39:52,760 [INFO] ApiDb:418 - Load user favorites file /Users/airlanggafidiyanto/.stm32cubeide/favorites.boards.txt: 0 item(s)
2022-12-02 14:39:52,761 [INFO] ApiDb:422 - User favorites Boards=[]
2022-12-02 14:39:52,761 [INFO] DbBoards:189 - Set 0 / 0 favorites Boards
2022-12-02 14:39:59,358 [ERROR] LogOutputStream:74 - [STDERR_REDIRECT] SLF4J: Failed to load class "org.slf4j.impl.StaticLoggerBinder".
2022-12-02 14:39:59,359 [ERROR] LogOutputStream:74 - [STDERR_REDIRECT] SLF4J: Defaulting to no-operation (NOP) logger implementation
2022-12-02 14:39:59,359 [ERROR] LogOutputStream:74 - [STDERR_REDIRECT] SLF4J: See http://www.slf4j.org/codes.html#StaticLoggerBinder for further details.
2022-12-02 14:40:13,187 [INFO] MultiScanPanel:195 - Auto-refresh data requested => check proxy status ongoing
2022-12-02 14:40:13,190 [INFO] MultiScanPanel:199 - Proxy status is invalid
2022-12-02 14:40:13,596 [INFO] DetailPanel:339 - Set advertising image to /Users/airlanggafidiyanto/STM32Cube/Repository//en.Prom_NBSTM32U50921.jpg
2022-12-02 14:40:13,638 [INFO] DbBoards:628 - Loading board mini-images...
2022-12-02 14:40:13,856 [ERROR] DbBoards:648 - No image file defined for board B-WB1M-WPAN1
2022-12-02 14:40:13,860 [ERROR] DbBoards:648 - No image file defined for board NUCLEO-C031C6
2022-12-02 14:40:14,711 [ERROR] DbBoards:645 - Image file not found for board STEVAL-PROTEUS1: /Applications/STM32CubeIDE.app/Contents/Eclipse/plugins/com.st.stm32cube.common.mx_6.6.1.202207061420//db//plugins/mcufinder/images/boards/steval-proteus1_image.jpg
2022-12-02 14:40:14,712 [ERROR] DbBoards:648 - No image file defined for board STEVAL-STWINBX1
2022-12-02 14:40:14,743 [ERROR] DbBoards:645 - Image file not found for board STM320518-EVAL: /Applications/STM32CubeIDE.app/Contents/Eclipse/plugins/com.st.stm32cube.common.mx_6.6.1.202207061420//db//plugins/mcufinder/images/boards/stm320518-eval.jpg
2022-12-02 14:40:14,747 [ERROR] DbBoards:648 - No image file defined for board STM32091C-EVAL
2022-12-02 14:40:14,747 [ERROR] DbBoards:648 - No image file defined for board STM32100E-EVAL
2022-12-02 14:40:14,747 [ERROR] DbBoards:648 - No image file defined for board STM3210C-EVAL
2022-12-02 14:40:14,756 [ERROR] DbBoards:648 - No image file defined for board STM3221G-EVAL
2022-12-02 14:40:14,756 [ERROR] DbBoards:648 - No image file defined for board STM32303C-EVAL
2022-12-02 14:40:14,814 [ERROR] DbBoards:648 - No image file defined for board STM32479I-EVAL
2022-12-02 14:40:14,814 [ERROR] DbBoards:648 - No image file defined for board STM32746G-EVAL2
2022-12-02 14:40:14,820 [ERROR] DbBoards:648 - No image file defined for board STM32C0116-DK
2022-12-02 14:40:14,820 [ERROR] DbBoards:648 - No image file defined for board STM32C0316-DK
2022-12-02 14:40:14,851 [ERROR] DbBoards:648 - No image file defined for board STM32F401C-DISCO
2022-12-02 14:40:14,898 [ERROR] DbBoards:648 - No image file defined for board STM32F7308-DK
2022-12-02 14:40:14,935 [ERROR] DbBoards:648 - No image file defined for board STM32F779I-EVAL
2022-12-02 14:40:14,988 [ERROR] DbBoards:648 - No image file defined for board STM32G474E-EVAL1
2022-12-02 14:40:15,062 [ERROR] DbBoards:648 - No image file defined for board STM32H747I-EVAL
2022-12-02 14:40:15,096 [ERROR] DbBoards:648 - No image file defined for board STM32L-DISCOVERY
2022-12-02 14:40:15,121 [ERROR] DbBoards:648 - No image file defined for board STM32L152D-EVAL
2022-12-02 14:40:15,230 [ERROR] DbBoards:648 - No image file defined for board STM32MP135F-DK
2022-12-02 14:40:15,379 [INFO] DbBoards:651 - Loaded 156 board mini-images
2022-12-02 14:40:46,792 [INFO] MainUpdater:2768 - connection check result : 10
2022-12-02 14:40:46,800 [INFO] MainUpdater:2768 - connection check result : 10
2022-12-02 14:40:47,676 [INFO] MicroXplorer:451 - Change Database Path : 
2022-12-02 14:40:47,681 [INFO] MicroXplorer:481 - Change Database Version : DB.6.0.60
2022-12-02 14:40:47,685 [WARN] ThirdParty:827 - waiting for thirdparty lock release [close project]
2022-12-02 14:40:47,685 [INFO] ThirdParty:829 - entering critical section [close project]
2022-12-02 14:40:47,692 [INFO] ThirdParty:839 - exiting critical section [close project]
2022-12-02 14:40:47,707 [INFO] PinOutPanel:1468 - setPackage(No Configuration,No Configuration)
2022-12-02 14:40:47,740 [INFO] UtilMem:74 - Begin LoadConfig() Used Memory: 386383880 Bytes (401604608)
2022-12-02 14:40:47,744 [INFO] OpenFileManager:307 - Change cursor
2022-12-02 14:40:48,096 [INFO] Mcu:1922 - Initializing MCU STM32WL55JCIx STM32WL55JCIx STM32WL55JCI6
2022-12-02 14:40:50,089 [INFO] Context:654 - Trying to add GPIOservice into a context  which must be forbidden
2022-12-02 14:40:50,093 [INFO] Context:654 - Trying to add GPIOservice into a context  which must be forbidden
2022-12-02 14:40:50,093 [INFO] Context:654 - Trying to add GPIOservice into a context  which must be forbidden
2022-12-02 14:40:50,997 [INFO] Rule:225 - rule 117617 - U5Cobra4M][GTZC] default value MPCBB3 and MPCBB5 - Not Secured memory - MPCBB1 is applicable
2022-12-02 14:40:51,000 [INFO] Rule:225 - rule 117617 - U5Cobra4M][GTZC] default value MPCBB3 and MPCBB5 - Not Secured memory - MPCBB1 is applicable
2022-12-02 14:40:51,000 [INFO] Rule:225 - rule 117617 - U5Cobra4M][GTZC] default value MPCBB3 and MPCBB5 - Not Secured memory - MPCBB2 is applicable
2022-12-02 14:40:51,000 [INFO] Rule:225 - rule 117617 - U5Cobra4M][GTZC] default value MPCBB3 and MPCBB5 - Not Secured memory - MPCBB2 is applicable
2022-12-02 14:40:51,000 [INFO] Rule:225 - rule 117617 - U5Cobra4M][GTZC] default value MPCBB3 and MPCBB5 - Not Secured memory - MPCBB3 is applicable
2022-12-02 14:40:51,000 [INFO] Rule:225 - rule 117617 - U5Cobra4M][GTZC] default value MPCBB3 and MPCBB5 - Not Secured memory - MPCBB3 is applicable
2022-12-02 14:40:51,000 [INFO] Rule:225 - rule 117617 - U5Cobra4M][GTZC] default value MPCBB3 and MPCBB5 - Not Secured memory - MPCBB4 is applicable
2022-12-02 14:40:51,000 [INFO] Rule:225 - rule 117617 - U5Cobra4M][GTZC] default value MPCBB3 and MPCBB5 - Not Secured memory - MPCBB4 is applicable
2022-12-02 14:40:51,000 [INFO] Rule:225 - rule 117617 - U5Cobra4M][GTZC] default value MPCBB3 and MPCBB5 - Secured memory - MPCBB1 is applicable
2022-12-02 14:40:51,000 [INFO] Rule:225 - rule 117617 - U5Cobra4M][GTZC] default value MPCBB3 and MPCBB5 - Secured memory - MPCBB2 is applicable
2022-12-02 14:40:51,000 [INFO] Rule:225 - rule 117617 - U5Cobra4M][GTZC] default value MPCBB3 and MPCBB5 - Secured memory - MPCBB3 is applicable
2022-12-02 14:40:51,000 [INFO] Rule:225 - rule 117617 - U5Cobra4M][GTZC] default value MPCBB3 and MPCBB5 - Secured memory - MPCBB4 is applicable
2022-12-02 14:40:51,000 [INFO] Rule:225 - rule 117617 - U5Cobra4M][GTZC] default value MPCBB3 and MPCBB5 - Privileged memory - MPCBB1 is applicable
2022-12-02 14:40:51,000 [INFO] Rule:225 - rule 117617 - U5Cobra4M][GTZC] default value MPCBB3 and MPCBB5 - Privileged memory - MPCBB2 is applicable
2022-12-02 14:40:51,000 [INFO] Rule:225 - rule 117617 - U5Cobra4M][GTZC] default value MPCBB3 and MPCBB5 - Privileged memory - MPCBB3 is applicable
2022-12-02 14:40:51,000 [INFO] Rule:225 - rule 117617 - U5Cobra4M][GTZC] default value MPCBB3 and MPCBB5 - Privileged memory - MPCBB4 is applicable
2022-12-02 14:40:51,000 [INFO] Rule:225 - rule 117617 - U5Cobra4M][GTZC] default value MPCBB3 and MPCBB5 - Not Privileged memory - MPCBB1 is applicable
2022-12-02 14:40:51,000 [INFO] Rule:225 - rule 117617 - U5Cobra4M][GTZC] default value MPCBB3 and MPCBB5 - Not Privileged memory - MPCBB2 is applicable
2022-12-02 14:40:51,000 [INFO] Rule:225 - rule 117617 - U5Cobra4M][GTZC] default value MPCBB3 and MPCBB5 - Not Privileged memory - MPCBB3 is applicable
2022-12-02 14:40:51,000 [INFO] Rule:225 - rule 117617 - U5Cobra4M][GTZC] default value MPCBB3 and MPCBB5 - Not Privileged memory - MPCBB4 is applicable
2022-12-02 14:40:51,000 [INFO] Rule:225 - rule 117617 - U5Cobra4M][GTZC] default value MPCBB3 and MPCBB5 - Privileged memory - MPCBB1 is applicable
2022-12-02 14:40:51,000 [INFO] Rule:225 - rule 117617 - U5Cobra4M][GTZC] default value MPCBB3 and MPCBB5 - Privileged memory - MPCBB2 is applicable
2022-12-02 14:40:51,001 [INFO] Rule:225 - rule 117617 - U5Cobra4M][GTZC] default value MPCBB3 and MPCBB5 - Privileged memory - MPCBB3 is applicable
2022-12-02 14:40:51,001 [INFO] Rule:225 - rule 117617 - U5Cobra4M][GTZC] default value MPCBB3 and MPCBB5 - Privileged memory - MPCBB4 is applicable
2022-12-02 14:40:51,001 [INFO] Rule:225 - rule 117617 - U5Cobra4M][GTZC] default value MPCBB3 and MPCBB5 - Privileged memory - MPCBB1 is applicable
2022-12-02 14:40:51,001 [INFO] Rule:225 - rule 117617 - U5Cobra4M][GTZC] default value MPCBB3 and MPCBB5 - Privileged memory - MPCBB2 is applicable
2022-12-02 14:40:51,001 [INFO] Rule:225 - rule 117617 - U5Cobra4M][GTZC] default value MPCBB3 and MPCBB5 - Privileged memory - MPCBB3 is applicable
2022-12-02 14:40:51,001 [INFO] Rule:225 - rule 117617 - U5Cobra4M][GTZC] default value MPCBB3 and MPCBB5 - Privileged memory - MPCBB4 is applicable
2022-12-02 14:40:51,001 [INFO] Rule:225 - rule 117617 - U5Cobra4M][GTZC] default value MPCBB3 and MPCBB5 - Not Privileged memory - MPCBB1 is applicable
2022-12-02 14:40:51,001 [INFO] Rule:225 - rule 117617 - U5Cobra4M][GTZC] default value MPCBB3 and MPCBB5 - Not Privileged memory - MPCBB2 is applicable
2022-12-02 14:40:51,001 [INFO] Rule:225 - rule 117617 - U5Cobra4M][GTZC] default value MPCBB3 and MPCBB5 - Not Privileged memory - MPCBB3 is applicable
2022-12-02 14:40:51,001 [INFO] Rule:225 - rule 117617 - U5Cobra4M][GTZC] default value MPCBB3 and MPCBB5 - Not Privileged memory - MPCBB4 is applicable
2022-12-02 14:40:51,001 [INFO] Rule:225 - rule 117617 - U5Cobra4M][GTZC] default value MPCBB3 and MPCBB5 - Privileged memory - MPCBB1 is applicable
2022-12-02 14:40:51,001 [INFO] Rule:225 - rule 117617 - U5Cobra4M][GTZC] default value MPCBB3 and MPCBB5 - Privileged memory - MPCBB2 is applicable
2022-12-02 14:40:51,002 [INFO] Rule:225 - rule 117617 - U5Cobra4M][GTZC] default value MPCBB3 and MPCBB5 - Privileged memory - MPCBB3 is applicable
2022-12-02 14:40:51,002 [INFO] Rule:225 - rule 117617 - U5Cobra4M][GTZC] default value MPCBB3 and MPCBB5 - Privileged memory - MPCBB4 is applicable
2022-12-02 14:40:51,002 [INFO] Rule:225 - rule Rename SubGHz_Phy SUBGHZ_APPLICATION SUBGHZ_PINGPONG to SUBGHZ_ADV_APPLICATION is applicable
2022-12-02 14:40:51,002 [INFO] Rule:225 - rule GTZC_S instance for project manager is applicable
2022-12-02 14:40:51,002 [INFO] Rule:225 - rule GTZC_S instance for context M33S is applicable
2022-12-02 14:40:51,002 [INFO] Rule:225 - rule GTZC_S instance value for IP GTZC is applicable
2022-12-02 14:40:51,002 [INFO] Rule:225 - rule GTZC_S instance for mcu.IP is applicable
2022-12-02 14:40:51,002 [INFO] Rule:225 - rule GTZC_S instance for VP is applicable
2022-12-02 14:40:51,002 [INFO] Rule:225 - rule GTZC_S instance for signal is applicable
2022-12-02 14:40:51,002 [INFO] Rule:225 - rule GTZC_S instance for VP is applicable
2022-12-02 14:40:51,002 [INFO] Rule:225 - rule GTZC_S instance for signal is applicable
2022-12-02 14:40:51,002 [INFO] Rule:225 - rule GTZC_S instance for mcu is applicable
2022-12-02 14:40:51,002 [INFO] Rule:225 - rule GTZC_S instance for mcu.Pin is applicable
2022-12-02 14:40:51,002 [INFO] Rule:225 - rule GTZC_S instance value for IP GTZC is applicable
2022-12-02 14:40:51,002 [INFO] Rule:225 - rule GTZC_S instance for project manager is applicable
2022-12-02 14:40:51,002 [INFO] Rule:225 - rule GTZC_S instance for context M33S is applicable
2022-12-02 14:40:51,002 [INFO] Rule:225 - rule GTZC_S instance for VP is applicable
2022-12-02 14:40:51,002 [INFO] Rule:225 - rule GTZC_S instance for signal is applicable
2022-12-02 14:40:51,002 [INFO] Rule:225 - rule Change Default Value for ADC Clock Prescaler G0 family is applicable
2022-12-02 14:40:51,003 [INFO] Rule:225 - rule Change GPIO_Pu Default Value for I2C is applicable
2022-12-02 14:40:51,003 [INFO] Rule:225 - rule Change GPIO_Pu Default Value for SMBus is applicable
2022-12-02 14:40:51,003 [INFO] Rule:225 - rule change FDCAN default value is applicable
2022-12-02 14:40:51,009 [INFO] DbConfProperties:305 - Apply Compatibility (4/56 Rules)
2022-12-02 14:40:51,033 [INFO] Context:654 - Trying to add GPIOservice into a context  which must be forbidden
2022-12-02 14:40:51,033 [INFO] Context:654 - Trying to add GPIOservice into a context  which must be forbidden
2022-12-02 14:40:51,175 [WARN] ApiManager:308 - Cannot register API 'Board Extension:GNSS1A1' from pack STMicroelectronics.X-CUBE-GNSS1.6.0.0: no header file found
2022-12-02 14:40:51,176 [WARN] ApiManager:308 - Cannot register API 'Board Support:Custom' from pack STMicroelectronics.X-CUBE-GNSS1.6.0.0: no header file found
2022-12-02 14:40:51,176 [WARN] ApiManager:308 - Cannot register API 'Data Exchange:lib_gnss' from pack STMicroelectronics.X-CUBE-GNSS1.6.0.0: no header file found
2022-12-02 14:40:51,189 [WARN] ModelIntegratedComponent:64 - No mode defined for component null
2022-12-02 14:40:51,190 [WARN] ModelIntegratedComponent:64 - No mode defined for component null
2022-12-02 14:40:51,190 [WARN] ModelIntegratedComponent:64 - No mode defined for component null
2022-12-02 14:40:51,190 [WARN] ModelIntegratedComponent:64 - No mode defined for component null
2022-12-02 14:40:51,190 [WARN] ModelIntegratedComponent:64 - No mode defined for component null
2022-12-02 14:40:51,190 [WARN] ModelIntegratedComponent:64 - No mode defined for component null
2022-12-02 14:40:51,190 [WARN] ModelIntegratedComponent:64 - No mode defined for component null
2022-12-02 14:40:51,190 [WARN] ModelIntegratedComponent:64 - No mode defined for component null
2022-12-02 14:40:51,190 [WARN] ModelIntegratedComponent:64 - No mode defined for component null
2022-12-02 14:40:51,190 [WARN] ModelIntegratedComponent:64 - No mode defined for component null
2022-12-02 14:40:51,190 [WARN] ModelIntegratedComponent:64 - No mode defined for component null
2022-12-02 14:40:51,190 [WARN] ModelIntegratedComponent:64 - No mode defined for component null
2022-12-02 14:40:51,190 [WARN] ModelIntegratedComponent:64 - No mode defined for component null
2022-12-02 14:40:51,190 [WARN] ModelIntegratedComponent:64 - No mode defined for component null
2022-12-02 14:40:51,190 [WARN] ModelIntegratedComponent:64 - No mode defined for component null
2022-12-02 14:40:51,190 [WARN] ModelIntegratedComponent:64 - No mode defined for component null
2022-12-02 14:40:51,190 [WARN] ModelIntegratedComponent:64 - No mode defined for component null
2022-12-02 14:40:51,190 [WARN] ModelIntegratedComponent:64 - No mode defined for component null
2022-12-02 14:40:51,190 [WARN] ModelIntegratedComponent:64 - No mode defined for component null
2022-12-02 14:40:51,190 [WARN] ModelIntegratedComponent:64 - No mode defined for component null
2022-12-02 14:40:51,191 [WARN] ModelIntegratedComponent:64 - No mode defined for component null
2022-12-02 14:40:51,191 [WARN] ModelIntegratedComponent:64 - No mode defined for component null
2022-12-02 14:40:51,191 [WARN] ModelIntegratedComponent:64 - No mode defined for component null
2022-12-02 14:40:51,191 [WARN] ModelIntegratedComponent:64 - No mode defined for component null
2022-12-02 14:40:51,191 [WARN] ModelIntegratedComponent:64 - No mode defined for component null
2022-12-02 14:40:51,191 [WARN] ModelIntegratedComponent:64 - No mode defined for component null
2022-12-02 14:40:51,191 [WARN] ModelIntegratedComponent:64 - No mode defined for component null
2022-12-02 14:40:51,191 [WARN] ModelIntegratedComponent:64 - No mode defined for component null
2022-12-02 14:40:51,191 [WARN] ModelIntegratedComponent:64 - No mode defined for component null
2022-12-02 14:40:51,191 [WARN] ModelIntegratedComponent:64 - No mode defined for component null
2022-12-02 14:40:51,191 [WARN] ModelIntegratedComponent:64 - No mode defined for component null
2022-12-02 14:40:51,191 [WARN] ModelIntegratedComponent:64 - No mode defined for component null
2022-12-02 14:40:51,191 [WARN] ModelIntegratedComponent:64 - No mode defined for component null
2022-12-02 14:40:51,193 [WARN] ApiManager:308 - Cannot register API 'Board Extension:NFC07A1' from pack STMicroelectronics.X-CUBE-NFC7.1.0.0: no header file found
2022-12-02 14:40:51,199 [WARN] ApiManager:308 - Cannot register API 'Wireless:BlueNRG-MS' from pack STMicroelectronics.X-CUBE-BLE1.6.2.3: no header file found
2022-12-02 14:40:51,201 [WARN] ApiManager:308 - Cannot register API 'Wireless:BlueNRG-MS' from pack STMicroelectronics.X-CUBE-BLE1.6.2.4: no header file found
2022-12-02 14:40:51,205 [INFO] RtosManager:488 - Registered RTOS mode: class=CMSIS, group=RTOS, mode=CMSIS_V1, owner=FREERTOS
2022-12-02 14:40:51,206 [INFO] RtosManager:488 - Registered RTOS mode: class=CMSIS, group=RTOS2, mode=CMSIS_V2, owner=FREERTOS
2022-12-02 14:40:51,206 [INFO] RtosManager:488 - Registered RTOS mode: class=RTOS, group=Core, mode=CMSIS_V1, owner=FREERTOS
2022-12-02 14:40:51,206 [INFO] RtosManager:488 - Registered RTOS mode: class=RTOS, group=Core, mode=CMSIS_V2, owner=FREERTOS
2022-12-02 14:40:51,206 [WARN] ModelIntegratedComponent:185 - Missing modes for component STMicroelectronics:FreeRTOS:0.0.1:STMicroelectronics:RTOS:FreeRTOS:Core:::10.2.0:
2022-12-02 14:40:51,216 [WARN] ApiManager:308 - Cannot register API 'Board Extension:S2868A1' from pack STMicroelectronics.X-CUBE-SUBG2.5.0.0: no header file found
2022-12-02 14:40:51,218 [WARN] ApiManager:308 - Cannot register API 'Board Extension:S2868A2' from pack STMicroelectronics.X-CUBE-SUBG2.5.0.0: no header file found
2022-12-02 14:40:51,218 [WARN] ApiManager:308 - Cannot register API 'Board Extension:S2915A1' from pack STMicroelectronics.X-CUBE-SUBG2.5.0.0: no header file found
2022-12-02 14:40:51,223 [WARN] ApiManager:308 - Cannot register API 'Board Extension:EEPRMA1' from pack STMicroelectronics.X-CUBE-EEPRMA1.3.1.1: no header file found
2022-12-02 14:40:51,223 [WARN] ApiManager:308 - Cannot register API 'Board Extension:EEPRMA2' from pack STMicroelectronics.X-CUBE-EEPRMA1.3.1.1: no header file found
2022-12-02 14:40:51,225 [WARN] ApiManager:308 - Cannot register API 'Board Extension:NFC04A1' from pack STMicroelectronics.X-CUBE-NFC4.2.0.5: no header file found
2022-12-02 14:40:51,226 [WARN] ApiManager:308 - Cannot register API 'Wireless:BlueNRG-2' from pack STMicroelectronics.X-CUBE-BLE2.3.3.0: no header file found
2022-12-02 14:40:51,226 [WARN] ApiManager:308 - Cannot register API 'Board Extension:NFC04A1' from pack STMicroelectronics.X-CUBE-NFC4.2.0.4: no header file found
2022-12-02 14:40:51,234 [INFO] ThirdPartyModel:289 - Start build external matchings
2022-12-02 14:40:51,281 [INFO] ThirdPartyModel:302 - End build external matchings
2022-12-02 14:40:51,305 [INFO] ImportTextPane:193 - (OptionalMessage_ERROR) IP (RCC) : Invalid parameter (FamilyName)
2022-12-02 14:40:51,500 [INFO] UtilMem:74 - End LoadConfig() Used Memory: 452900696 Bytes (568328192)
2022-12-02 14:40:51,660 [WARN] ThirdParty:789 - waiting for thirdparty lock release [change project]
2022-12-02 14:40:51,660 [INFO] ThirdParty:791 - entering critical section [change project]
2022-12-02 14:40:51,661 [INFO] ThirdParty:981 - CMSIS Pack Vendor :RoweBots I-CUBE-UNISONRTOS 5.5.0-4
2022-12-02 14:40:51,661 [INFO] ThirdParty:981 - CMSIS Pack Vendor :STMicroelectronics X-CUBE-GNSS1 6.0.0
2022-12-02 14:40:51,661 [INFO] ThirdParty:981 - CMSIS Pack Vendor :STMicroelectronics X-CUBE-AZRTOS-H7 2.1.0
2022-12-02 14:40:51,661 [INFO] ThirdParty:981 - CMSIS Pack Vendor :STMicroelectronics USB_HOST 2.0.0
2022-12-02 14:40:51,661 [INFO] ThirdParty:981 - CMSIS Pack Vendor :STMicroelectronics LIBJPEG 8.0.0
2022-12-02 14:40:51,661 [INFO] ThirdParty:981 - CMSIS Pack Vendor :STMicroelectronics X-CUBE-AZRTOS-G4 1.0.0
2022-12-02 14:40:51,661 [INFO] ThirdParty:981 - CMSIS Pack Vendor :STMicroelectronics X-CUBE-AZRTOS-L4 1.0.0
2022-12-02 14:40:51,661 [INFO] ThirdParty:981 - CMSIS Pack Vendor :STMicroelectronics USB_DEVICE 3.0.0
2022-12-02 14:40:51,661 [INFO] ThirdParty:981 - CMSIS Pack Vendor :STMicroelectronics HAL Drivers 0.0.0
2022-12-02 14:40:51,661 [INFO] ThirdParty:981 - CMSIS Pack Vendor :STMicroelectronics MBEDTLS 2.16.2
2022-12-02 14:40:51,661 [INFO] ThirdParty:981 - CMSIS Pack Vendor :STMicroelectronics MBEDTLS 2.14.1
2022-12-02 14:40:51,661 [INFO] ThirdParty:981 - CMSIS Pack Vendor :STMicroelectronics X-CUBE-NFC7 1.0.0
2022-12-02 14:40:51,661 [INFO] ThirdParty:981 - CMSIS Pack Vendor :STMicroelectronics X-CUBE-AZRTOS-WL 1.0.0
2022-12-02 14:40:51,661 [INFO] ThirdParty:981 - CMSIS Pack Vendor :portGmbH I-Cube-SoM-uGOAL 1.1.0
2022-12-02 14:40:51,661 [INFO] ThirdParty:981 - CMSIS Pack Vendor :STMicroelectronics X-CUBE-ALS 1.0.1
2022-12-02 14:40:51,661 [INFO] ThirdParty:981 - CMSIS Pack Vendor :STMicroelectronics USB_DEVICE 2.0.0
2022-12-02 14:40:51,661 [INFO] ThirdParty:981 - CMSIS Pack Vendor :STMicroelectronics ThreadX 1.0.0
2022-12-02 14:40:51,661 [INFO] ThirdParty:981 - CMSIS Pack Vendor :STMicroelectronics X-CUBE-BLE1 6.2.3
2022-12-02 14:40:51,661 [INFO] ThirdParty:981 - CMSIS Pack Vendor :STMicroelectronics X-CUBE-ALGOBUILD 1.3.0
2022-12-02 14:40:51,661 [INFO] ThirdParty:981 - CMSIS Pack Vendor :STMicroelectronics X-CUBE-BLE1 6.2.4
2022-12-02 14:40:51,661 [INFO] ThirdParty:981 - CMSIS Pack Vendor :STMicroelectronics X-CUBE-AZRTOS-L5 1.0.0
2022-12-02 14:40:51,661 [INFO] ThirdParty:981 - CMSIS Pack Vendor :STMicroelectronics FreeRTOS 0.0.1
2022-12-02 14:40:51,662 [INFO] ThirdParty:981 - CMSIS Pack Vendor :emotas I-CUBE-CANOPEN 1.1.3
2022-12-02 14:40:51,662 [INFO] ThirdParty:981 - CMSIS Pack Vendor :STMicroelectronics USB_DEVICE 1.0.0
2022-12-02 14:40:51,662 [INFO] ThirdParty:981 - CMSIS Pack Vendor :STMicroelectronics X-CUBE-SUBG2 5.0.0
2022-12-02 14:40:51,662 [INFO] ThirdParty:981 - CMSIS Pack Vendor :STMicroelectronics STM32_WPAN 1.0.0
2022-12-02 14:40:51,662 [INFO] ThirdParty:981 - CMSIS Pack Vendor :STMicroelectronics X-CUBE-EEPRMA1 3.1.1
2022-12-02 14:40:51,662 [INFO] ThirdParty:981 - CMSIS Pack Vendor :STMicroelectronics ThreadX 0.0.2
2022-12-02 14:40:51,662 [INFO] ThirdParty:981 - CMSIS Pack Vendor :STMicroelectronics lwIP 2.0.3
2022-12-02 14:40:51,662 [INFO] ThirdParty:981 - CMSIS Pack Vendor :STMicroelectronics lwIP 2.1.2
2022-12-02 14:40:51,662 [INFO] ThirdParty:981 - CMSIS Pack Vendor :STMicroelectronics X-CUBE-NFC4 2.0.5
2022-12-02 14:40:51,662 [INFO] ThirdParty:981 - CMSIS Pack Vendor :STMicroelectronics X-CUBE-BLE2 3.3.0
2022-12-02 14:40:51,662 [INFO] ThirdParty:981 - CMSIS Pack Vendor :STMicroelectronics X-CUBE-NFC4 2.0.4
2022-12-02 14:40:51,662 [INFO] ThirdParty:981 - CMSIS Pack Vendor :STMicroelectronics USB_HOST 1.0.0
2022-12-02 14:40:51,662 [INFO] ThirdParty:981 - CMSIS Pack Vendor :STMicroelectronics X-CUBE-DISPLAY 2.2.0
2022-12-02 14:40:51,662 [INFO] ThirdParty:981 - CMSIS Pack Vendor :STMicroelectronics PDM2PCM 3.1.0
2022-12-02 14:40:51,662 [INFO] ThirdParty:981 - CMSIS Pack Vendor :STMicroelectronics PDM2PCM 3.2.0
2022-12-02 14:40:51,663 [INFO] ThirdParty:981 - CMSIS Pack Vendor :STMicroelectronics PDM2PCM 3.3.0
2022-12-02 14:40:51,664 [INFO] ThirdParty:797 - exiting critical section [change project]
2022-12-02 14:40:52,728 [INFO] PinOutPanel:1468 - setPackage(No Configuration,No Configuration)
2022-12-02 14:40:52,733 [INFO] PinOutPanel:1468 - setPackage(STM32WL55JCIx,UFBGA73)
2022-12-02 14:40:53,849 [INFO] UtilMem:74 - Before build in PCC Used Memory: 475981240 Bytes (568328192)
2022-12-02 14:40:55,923 [INFO] UtilMem:74 - After build in PCC Used Memory: 495796904 Bytes (568328192)
2022-12-02 14:40:56,020 [INFO] IPUIPlugin:79 - create IPUIPlugin
2022-12-02 14:40:56,021 [INFO] IPUIPlugin:79 - create IPUIPlugin
2022-12-02 14:40:56,021 [INFO] IPUIPlugin:79 - create IPUIPlugin
2022-12-02 14:40:56,021 [INFO] IPUIPlugin:79 - create IPUIPlugin
2022-12-02 14:40:56,022 [INFO] IPUIPlugin:79 - create IPUIPlugin
2022-12-02 14:40:56,022 [INFO] IPUIPlugin:79 - create IPUIPlugin
2022-12-02 14:40:56,022 [INFO] IPUIPlugin:79 - create IPUIPlugin
2022-12-02 14:40:56,026 [INFO] IPUIPlugin:79 - create IPUIPlugin
2022-12-02 14:40:56,026 [INFO] IPUIPlugin:79 - create IPUIPlugin
2022-12-02 14:40:56,026 [INFO] IPUIPlugin:79 - create IPUIPlugin
2022-12-02 14:40:56,026 [INFO] IPUIPlugin:79 - create IPUIPlugin
2022-12-02 14:40:56,026 [INFO] IPUIPlugin:79 - create IPUIPlugin
2022-12-02 14:40:56,026 [INFO] IPUIPlugin:79 - create IPUIPlugin
2022-12-02 14:40:56,026 [INFO] IPUIPlugin:79 - create IPUIPlugin
2022-12-02 14:40:56,046 [INFO] IPUIPlugin:79 - create IPUIPlugin
2022-12-02 14:40:56,055 [INFO] IPUIPlugin:79 - create IPUIPlugin
2022-12-02 14:40:56,056 [INFO] IPUIPlugin:79 - create IPUIPlugin
2022-12-02 14:40:56,056 [INFO] IPUIPlugin:79 - create IPUIPlugin
2022-12-02 14:40:56,056 [INFO] IPUIPlugin:79 - create IPUIPlugin
2022-12-02 14:40:56,057 [INFO] IPUIPlugin:79 - create IPUIPlugin
2022-12-02 14:40:56,058 [INFO] IPUIPlugin:79 - create IPUIPlugin
2022-12-02 14:40:56,059 [INFO] IPUIPlugin:79 - create IPUIPlugin
2022-12-02 14:40:56,059 [INFO] IPUIPlugin:79 - create IPUIPlugin
2022-12-02 14:40:56,059 [INFO] IPUIPlugin:79 - create IPUIPlugin
2022-12-02 14:40:56,059 [INFO] IPUIPlugin:79 - create IPUIPlugin
2022-12-02 14:40:56,059 [INFO] IPUIPlugin:79 - create IPUIPlugin
2022-12-02 14:40:56,060 [INFO] IPUIPlugin:79 - create IPUIPlugin
2022-12-02 14:40:56,060 [INFO] IPUIPlugin:79 - create IPUIPlugin
2022-12-02 14:40:56,060 [INFO] IPUIPlugin:79 - create IPUIPlugin
2022-12-02 14:40:56,060 [INFO] IPUIPlugin:79 - create IPUIPlugin
2022-12-02 14:40:56,060 [INFO] IPUIPlugin:79 - create IPUIPlugin
2022-12-02 14:40:56,060 [INFO] IPUIPlugin:79 - create IPUIPlugin
2022-12-02 14:40:56,063 [INFO] IPUIPlugin:79 - create IPUIPlugin
2022-12-02 14:40:56,063 [INFO] IPUIPlugin:79 - create IPUIPlugin
2022-12-02 14:40:56,063 [INFO] IPUIPlugin:79 - create IPUIPlugin
2022-12-02 14:40:56,064 [INFO] IPUIPlugin:79 - create IPUIPlugin
2022-12-02 14:40:56,064 [INFO] IPUIPlugin:79 - create IPUIPlugin
2022-12-02 14:40:56,064 [INFO] IPUIPlugin:79 - create IPUIPlugin
2022-12-02 14:40:56,064 [INFO] IPUIPlugin:79 - create IPUIPlugin
2022-12-02 14:40:56,064 [INFO] IPUIPlugin:79 - create IPUIPlugin
2022-12-02 14:40:56,064 [INFO] IPUIPlugin:79 - create IPUIPlugin
2022-12-02 14:40:56,065 [INFO] IPUIPlugin:79 - create IPUIPlugin
2022-12-02 14:40:56,065 [INFO] IPUIPlugin:79 - create IPUIPlugin
2022-12-02 14:40:56,065 [INFO] IPUIPlugin:79 - create IPUIPlugin
2022-12-02 14:40:56,065 [INFO] IPUIPlugin:79 - create IPUIPlugin
2022-12-02 14:40:56,065 [INFO] IPUIPlugin:79 - create IPUIPlugin
2022-12-02 14:40:56,066 [INFO] IPUIPlugin:79 - create IPUIPlugin
2022-12-02 14:40:56,066 [INFO] IPUIPlugin:79 - create IPUIPlugin
2022-12-02 14:40:56,066 [INFO] IPUIPlugin:79 - create IPUIPlugin
2022-12-02 14:40:56,066 [INFO] IPUIPlugin:79 - create IPUIPlugin
2022-12-02 14:40:56,066 [INFO] IPUIPlugin:79 - create IPUIPlugin
2022-12-02 14:40:56,066 [INFO] IPUIPlugin:79 - create IPUIPlugin
2022-12-02 14:40:56,066 [INFO] IPUIPlugin:79 - create IPUIPlugin
2022-12-02 14:40:56,067 [INFO] IPUIPlugin:79 - create IPUIPlugin
2022-12-02 14:40:56,067 [INFO] IPUIPlugin:79 - create IPUIPlugin
2022-12-02 14:40:56,816 [INFO] OpenFileManager:327 - Restore cursor
2022-12-02 14:40:58,814 [INFO] UtilMem:74 - End SaveConfig() Used Memory: 504684064 Bytes (568328192)
2022-12-02 14:40:58,904 [INFO] UtilMem:74 - End SaveConfig() Used Memory: 512656560 Bytes (568328192)
2022-12-02 14:40:59,387 [INFO] BlockDiagram:2753 - set Specific Code input for plugin: SYS
2022-12-02 14:40:59,387 [INFO] BlockDiagram:2753 - set Specific Code input for plugin: RCC
2022-12-02 14:40:59,387 [INFO] BlockDiagram:2753 - set Specific Code input for plugin: USART
2022-12-02 14:40:59,387 [INFO] BlockDiagram:2753 - set Specific Code input for plugin: SYSM0P
2022-12-02 14:40:59,387 [INFO] BlockDiagram:2753 - set Specific Code input for plugin: NVIC2
2022-12-02 14:40:59,387 [INFO] BlockDiagram:2753 - set Specific Code input for plugin: DEBUG
2022-12-02 14:40:59,388 [INFO] BlockDiagram:2753 - set Specific Code input for plugin: GPIO
2022-12-02 14:40:59,388 [INFO] BlockDiagram:2753 - set Specific Code input for plugin: NVIC1
2022-12-02 14:40:59,389 [INFO] CodeGenerator:690 - code generatio: config db path: /Applications/STM32CubeIDE.app/Contents/Eclipse/plugins/com.st.stm32cube.common.mx_6.6.1.202207061420//db/
2022-12-02 14:40:59,956 [INFO] CodeEngine:245 - oldGeneratedFile, /Users/airlanggafidiyanto/Documents/Kuliah/Skripsi/bus-tracker/BusTracker/MXTmpFiles/license.tmp_save
2022-12-02 14:41:00,521 [INFO] CodeEngine:269 - Generated code: /Users/airlanggafidiyanto/Documents/Kuliah/Skripsi/bus-tracker/BusTracker/MXTmpFiles/license.tmp
2022-12-02 14:41:01,011 [INFO] CodeEngine:245 - oldGeneratedFile, /Users/airlanggafidiyanto/Documents/Kuliah/Skripsi/bus-tracker/BusTracker/CM4/MXTmpFiles/gpio.tmp_save
2022-12-02 14:41:01,630 [INFO] CodeEngine:269 - Generated code: /Users/airlanggafidiyanto/Documents/Kuliah/Skripsi/bus-tracker/BusTracker/CM4/MXTmpFiles/gpio.tmp
2022-12-02 14:41:01,640 [WARN] IPConfigManager:94 - WARNING: Missing Config File for DEBUG ip!!
2022-12-02 14:41:01,744 [WARN] IPConfigManager:94 - WARNING: Missing Config File for NVIC1 ip!!
2022-12-02 14:41:01,968 [INFO] CodeEngine:245 - oldGeneratedFile, /Users/airlanggafidiyanto/Documents/Kuliah/Skripsi/bus-tracker/BusTracker/CM4/Core/Src/stm32wlxx_it.c_save
2022-12-02 14:41:02,519 [INFO] CodeEngine:269 - Generated code: /Users/airlanggafidiyanto/Documents/Kuliah/Skripsi/bus-tracker/BusTracker/CM4/Core/Src/stm32wlxx_it.c
2022-12-02 14:41:02,527 [INFO] CodeEngine:245 - oldGeneratedFile, /Users/airlanggafidiyanto/Documents/Kuliah/Skripsi/bus-tracker/BusTracker/CM4/Core/Inc/stm32wlxx_it.h_save
2022-12-02 14:41:02,646 [INFO] CodeEngine:269 - Generated code: /Users/airlanggafidiyanto/Documents/Kuliah/Skripsi/bus-tracker/BusTracker/CM4/Core/Inc/stm32wlxx_it.h
2022-12-02 14:41:02,753 [INFO] CodeEngine:245 - oldGeneratedFile, /Users/airlanggafidiyanto/Documents/Kuliah/Skripsi/bus-tracker/BusTracker/CM4/Core/Src/stm32wlxx_hal_msp.c_save
2022-12-02 14:41:02,970 [INFO] CodeEngine:269 - Generated code: /Users/airlanggafidiyanto/Documents/Kuliah/Skripsi/bus-tracker/BusTracker/CM4/Core/Src/stm32wlxx_hal_msp.c
2022-12-02 14:41:02,973 [INFO] CodeEngine:245 - oldGeneratedFile, /Users/airlanggafidiyanto/Documents/Kuliah/Skripsi/bus-tracker/BusTracker/CM4/MXTmpFiles/system.tmp_save
2022-12-02 14:41:03,065 [INFO] CodeEngine:269 - Generated code: /Users/airlanggafidiyanto/Documents/Kuliah/Skripsi/bus-tracker/BusTracker/CM4/MXTmpFiles/system.tmp
2022-12-02 14:41:03,071 [INFO] CodeEngine:245 - oldGeneratedFile, /Users/airlanggafidiyanto/Documents/Kuliah/Skripsi/bus-tracker/BusTracker/CM4/Core/Inc/stm32wlxx_hal_conf.h_save
2022-12-02 14:41:03,170 [INFO] CodeEngine:269 - Generated code: /Users/airlanggafidiyanto/Documents/Kuliah/Skripsi/bus-tracker/BusTracker/CM4/Core/Inc/stm32wlxx_hal_conf.h
2022-12-02 14:41:03,229 [WARN] IPConfigManager:3348 - IP not found : NVIC
2022-12-02 14:41:03,230 [WARN] CodeGenerator:3567 - IP not found : null
2022-12-02 14:41:03,233 [INFO] CodeEngine:245 - oldGeneratedFile, /Users/airlanggafidiyanto/Documents/Kuliah/Skripsi/bus-tracker/BusTracker/CM4/Core/Inc/main.h_save
2022-12-02 14:41:03,482 [INFO] CodeEngine:269 - Generated code: /Users/airlanggafidiyanto/Documents/Kuliah/Skripsi/bus-tracker/BusTracker/CM4/Core/Inc/main.h
2022-12-02 14:41:03,494 [INFO] CodeEngine:245 - oldGeneratedFile, /Users/airlanggafidiyanto/Documents/Kuliah/Skripsi/bus-tracker/BusTracker/CM4/Core/Src/main.c_save
2022-12-02 14:41:03,762 [INFO] CodeEngine:269 - Generated code: /Users/airlanggafidiyanto/Documents/Kuliah/Skripsi/bus-tracker/BusTracker/CM4/Core/Src/main.c
2022-12-02 14:41:04,335 [INFO] CodeEngine:245 - oldGeneratedFile, /Users/airlanggafidiyanto/Documents/Kuliah/Skripsi/bus-tracker/BusTracker/MXTmpFiles/license.tmp_save
2022-12-02 14:41:04,499 [INFO] CodeEngine:269 - Generated code: /Users/airlanggafidiyanto/Documents/Kuliah/Skripsi/bus-tracker/BusTracker/MXTmpFiles/license.tmp
2022-12-02 14:41:04,504 [WARN] IPConfigManager:94 - WARNING: Missing Config File for NVIC2 ip!!
2022-12-02 14:41:04,544 [INFO] CodeEngine:245 - oldGeneratedFile, /Users/airlanggafidiyanto/Documents/Kuliah/Skripsi/bus-tracker/BusTracker/CM0PLUS/Core/Src/stm32wlxx_it.c_save
2022-12-02 14:41:04,648 [INFO] CodeEngine:269 - Generated code: /Users/airlanggafidiyanto/Documents/Kuliah/Skripsi/bus-tracker/BusTracker/CM0PLUS/Core/Src/stm32wlxx_it.c
2022-12-02 14:41:04,649 [INFO] CodeEngine:245 - oldGeneratedFile, /Users/airlanggafidiyanto/Documents/Kuliah/Skripsi/bus-tracker/BusTracker/CM0PLUS/Core/Inc/stm32wlxx_it.h_save
2022-12-02 14:41:04,706 [INFO] CodeEngine:269 - Generated code: /Users/airlanggafidiyanto/Documents/Kuliah/Skripsi/bus-tracker/BusTracker/CM0PLUS/Core/Inc/stm32wlxx_it.h
2022-12-02 14:41:04,734 [INFO] CodeEngine:245 - oldGeneratedFile, /Users/airlanggafidiyanto/Documents/Kuliah/Skripsi/bus-tracker/BusTracker/CM0PLUS/Core/Src/stm32wlxx_hal_msp.c_save
2022-12-02 14:41:04,856 [INFO] CodeEngine:269 - Generated code: /Users/airlanggafidiyanto/Documents/Kuliah/Skripsi/bus-tracker/BusTracker/CM0PLUS/Core/Src/stm32wlxx_hal_msp.c
2022-12-02 14:41:04,859 [INFO] CodeEngine:245 - oldGeneratedFile, /Users/airlanggafidiyanto/Documents/Kuliah/Skripsi/bus-tracker/BusTracker/CM0PLUS/MXTmpFiles/system.tmp_save
2022-12-02 14:41:04,956 [INFO] CodeEngine:269 - Generated code: /Users/airlanggafidiyanto/Documents/Kuliah/Skripsi/bus-tracker/BusTracker/CM0PLUS/MXTmpFiles/system.tmp
2022-12-02 14:41:04,960 [INFO] CodeEngine:245 - oldGeneratedFile, /Users/airlanggafidiyanto/Documents/Kuliah/Skripsi/bus-tracker/BusTracker/CM0PLUS/Core/Inc/stm32wlxx_hal_conf.h_save
2022-12-02 14:41:05,119 [INFO] CodeEngine:269 - Generated code: /Users/airlanggafidiyanto/Documents/Kuliah/Skripsi/bus-tracker/BusTracker/CM0PLUS/Core/Inc/stm32wlxx_hal_conf.h
2022-12-02 14:41:05,137 [WARN] IPConfigManager:3348 - IP not found : NVIC
2022-12-02 14:41:05,138 [WARN] CodeGenerator:3567 - IP not found : null
2022-12-02 14:41:05,142 [INFO] CodeEngine:245 - oldGeneratedFile, /Users/airlanggafidiyanto/Documents/Kuliah/Skripsi/bus-tracker/BusTracker/CM0PLUS/Core/Inc/main.h_save
2022-12-02 14:41:05,214 [INFO] CodeEngine:269 - Generated code: /Users/airlanggafidiyanto/Documents/Kuliah/Skripsi/bus-tracker/BusTracker/CM0PLUS/Core/Inc/main.h
2022-12-02 14:41:05,217 [INFO] CodeEngine:245 - oldGeneratedFile, /Users/airlanggafidiyanto/Documents/Kuliah/Skripsi/bus-tracker/BusTracker/CM0PLUS/Core/Src/main.c_save
2022-12-02 14:41:05,413 [INFO] CodeEngine:269 - Generated code: /Users/airlanggafidiyanto/Documents/Kuliah/Skripsi/bus-tracker/BusTracker/CM0PLUS/Core/Src/main.c
2022-12-02 14:41:06,339 [INFO] ProjectBuilder:2919 - Time for Copy HAL[1] : 136mS.
2022-12-02 14:41:06,376 [INFO] ProjectBuilder:4117 - Project Generator version: 3.17.1
2022-12-02 14:41:06,733 [INFO] ConfigFileManager:1394 - The Die is : DIE497
2022-12-02 14:41:16,472 [INFO] ProjectBuilder:4285 - Time for Generating toolchain IDE Files: 10087mS.
2022-12-02 14:41:16,491 [INFO] ProjectBuilder:2790 - Time for Copy CMSIS : 6mS.
2022-12-02 14:41:16,496 [INFO] ProjectBuilder:2790 - Time for Copy CMSIS : 0mS.
2022-12-02 14:41:18,465 [INFO] McuFinderGlobals:57 - Set McuFinderConnectedMode to true
2022-12-02 14:41:18,478 [INFO] ApiDb:443 - Save user favorites file /Users/airlanggafidiyanto/.stm32cubeide/favorites.mcus.txt: 0 item(s)
2022-12-02 14:41:18,479 [INFO] ApiDb:447 - User favorites MCUs=[]
2022-12-02 14:41:18,488 [INFO] ApiDb:443 - Save user favorites file /Users/airlanggafidiyanto/.stm32cubeide/favorites.boards.txt: 0 item(s)
2022-12-02 14:41:18,488 [INFO] ApiDb:447 - User favorites Boards=[]
2022-12-02 14:41:47,207 [INFO] I2cTimingTraitement:329 - 0x00000E14
2022-12-02 14:41:59,397 [INFO] UtilMem:74 - End SaveConfig() Used Memory: 742901304 Bytes (1027604480)
2022-12-02 14:42:00,072 [INFO] UtilMem:74 - End SaveConfig() Used Memory: 753909304 Bytes (1027604480)
2022-12-02 14:42:03,532 [INFO] UtilMem:74 - End SaveConfig() Used Memory: 686625904 Bytes (1027604480)
2022-12-02 14:42:04,097 [INFO] BlockDiagram:2753 - set Specific Code input for plugin: SYS
2022-12-02 14:42:04,100 [INFO] BlockDiagram:2753 - set Specific Code input for plugin: RCC
2022-12-02 14:42:04,100 [INFO] BlockDiagram:2753 - set Specific Code input for plugin: I2C
2022-12-02 14:42:04,100 [INFO] BlockDiagram:2753 - set Specific Code input for plugin: USART
2022-12-02 14:42:04,100 [INFO] BlockDiagram:2753 - set Specific Code input for plugin: USART
2022-12-02 14:42:04,100 [INFO] BlockDiagram:2753 - set Specific Code input for plugin: SYSM0P
2022-12-02 14:42:04,100 [INFO] BlockDiagram:2753 - set Specific Code input for plugin: NVIC2
2022-12-02 14:42:04,100 [INFO] BlockDiagram:2753 - set Specific Code input for plugin: DEBUG
2022-12-02 14:42:04,101 [INFO] BlockDiagram:2753 - set Specific Code input for plugin: GPIO
2022-12-02 14:42:04,101 [INFO] BlockDiagram:2753 - set Specific Code input for plugin: NVIC1
2022-12-02 14:42:04,102 [INFO] CodeGenerator:690 - code generatio: config db path: /Applications/STM32CubeIDE.app/Contents/Eclipse/plugins/com.st.stm32cube.common.mx_6.6.1.202207061420//db/
2022-12-02 14:42:04,524 [INFO] CodeEngine:245 - oldGeneratedFile, /Users/airlanggafidiyanto/Documents/Kuliah/Skripsi/bus-tracker/BusTracker/MXTmpFiles/license.tmp_save
2022-12-02 14:42:04,725 [INFO] CodeEngine:269 - Generated code: /Users/airlanggafidiyanto/Documents/Kuliah/Skripsi/bus-tracker/BusTracker/MXTmpFiles/license.tmp
2022-12-02 14:42:04,759 [INFO] CodeEngine:245 - oldGeneratedFile, /Users/airlanggafidiyanto/Documents/Kuliah/Skripsi/bus-tracker/BusTracker/CM4/MXTmpFiles/gpio.tmp_save
2022-12-02 14:42:04,828 [INFO] CodeEngine:269 - Generated code: /Users/airlanggafidiyanto/Documents/Kuliah/Skripsi/bus-tracker/BusTracker/CM4/MXTmpFiles/gpio.tmp
2022-12-02 14:42:04,829 [WARN] IPConfigManager:94 - WARNING: Missing Config File for DEBUG ip!!
2022-12-02 14:42:04,960 [WARN] IPConfigManager:94 - WARNING: Missing Config File for NVIC1 ip!!
2022-12-02 14:42:05,204 [INFO] CodeEngine:245 - oldGeneratedFile, /Users/airlanggafidiyanto/Documents/Kuliah/Skripsi/bus-tracker/BusTracker/CM4/Core/Src/stm32wlxx_it.c_save
2022-12-02 14:42:05,281 [INFO] CodeEngine:269 - Generated code: /Users/airlanggafidiyanto/Documents/Kuliah/Skripsi/bus-tracker/BusTracker/CM4/Core/Src/stm32wlxx_it.c
2022-12-02 14:42:05,283 [INFO] CodeEngine:245 - oldGeneratedFile, /Users/airlanggafidiyanto/Documents/Kuliah/Skripsi/bus-tracker/BusTracker/CM4/Core/Inc/stm32wlxx_it.h_save
2022-12-02 14:42:05,335 [INFO] CodeEngine:269 - Generated code: /Users/airlanggafidiyanto/Documents/Kuliah/Skripsi/bus-tracker/BusTracker/CM4/Core/Inc/stm32wlxx_it.h
2022-12-02 14:42:05,393 [INFO] CodeEngine:245 - oldGeneratedFile, /Users/airlanggafidiyanto/Documents/Kuliah/Skripsi/bus-tracker/BusTracker/CM4/Core/Src/stm32wlxx_hal_msp.c_save
2022-12-02 14:42:05,489 [INFO] CodeEngine:269 - Generated code: /Users/airlanggafidiyanto/Documents/Kuliah/Skripsi/bus-tracker/BusTracker/CM4/Core/Src/stm32wlxx_hal_msp.c
2022-12-02 14:42:05,491 [INFO] CodeEngine:245 - oldGeneratedFile, /Users/airlanggafidiyanto/Documents/Kuliah/Skripsi/bus-tracker/BusTracker/CM4/MXTmpFiles/system.tmp_save
2022-12-02 14:42:05,538 [INFO] CodeEngine:269 - Generated code: /Users/airlanggafidiyanto/Documents/Kuliah/Skripsi/bus-tracker/BusTracker/CM4/MXTmpFiles/system.tmp
2022-12-02 14:42:05,544 [INFO] CodeEngine:245 - oldGeneratedFile, /Users/airlanggafidiyanto/Documents/Kuliah/Skripsi/bus-tracker/BusTracker/CM4/Core/Inc/stm32wlxx_hal_conf.h_save
2022-12-02 14:42:05,601 [INFO] CodeEngine:269 - Generated code: /Users/airlanggafidiyanto/Documents/Kuliah/Skripsi/bus-tracker/BusTracker/CM4/Core/Inc/stm32wlxx_hal_conf.h
2022-12-02 14:42:05,632 [WARN] IPConfigManager:3348 - IP not found : NVIC
2022-12-02 14:42:05,633 [WARN] CodeGenerator:3567 - IP not found : null
2022-12-02 14:42:05,635 [INFO] CodeEngine:245 - oldGeneratedFile, /Users/airlanggafidiyanto/Documents/Kuliah/Skripsi/bus-tracker/BusTracker/CM4/Core/Inc/main.h_save
2022-12-02 14:42:05,691 [INFO] CodeEngine:269 - Generated code: /Users/airlanggafidiyanto/Documents/Kuliah/Skripsi/bus-tracker/BusTracker/CM4/Core/Inc/main.h
2022-12-02 14:42:05,693 [INFO] CodeEngine:245 - oldGeneratedFile, /Users/airlanggafidiyanto/Documents/Kuliah/Skripsi/bus-tracker/BusTracker/CM4/Core/Src/main.c_save
2022-12-02 14:42:05,793 [INFO] CodeEngine:269 - Generated code: /Users/airlanggafidiyanto/Documents/Kuliah/Skripsi/bus-tracker/BusTracker/CM4/Core/Src/main.c
2022-12-02 14:42:06,066 [INFO] CodeEngine:245 - oldGeneratedFile, /Users/airlanggafidiyanto/Documents/Kuliah/Skripsi/bus-tracker/BusTracker/MXTmpFiles/license.tmp_save
2022-12-02 14:42:06,146 [INFO] CodeEngine:269 - Generated code: /Users/airlanggafidiyanto/Documents/Kuliah/Skripsi/bus-tracker/BusTracker/MXTmpFiles/license.tmp
2022-12-02 14:42:06,151 [WARN] IPConfigManager:94 - WARNING: Missing Config File for NVIC2 ip!!
2022-12-02 14:42:06,163 [INFO] CodeEngine:245 - oldGeneratedFile, /Users/airlanggafidiyanto/Documents/Kuliah/Skripsi/bus-tracker/BusTracker/CM0PLUS/Core/Src/stm32wlxx_it.c_save
2022-12-02 14:42:06,334 [INFO] CodeEngine:269 - Generated code: /Users/airlanggafidiyanto/Documents/Kuliah/Skripsi/bus-tracker/BusTracker/CM0PLUS/Core/Src/stm32wlxx_it.c
2022-12-02 14:42:06,343 [INFO] CodeEngine:245 - oldGeneratedFile, /Users/airlanggafidiyanto/Documents/Kuliah/Skripsi/bus-tracker/BusTracker/CM0PLUS/Core/Inc/stm32wlxx_it.h_save
2022-12-02 14:42:06,400 [INFO] CodeEngine:269 - Generated code: /Users/airlanggafidiyanto/Documents/Kuliah/Skripsi/bus-tracker/BusTracker/CM0PLUS/Core/Inc/stm32wlxx_it.h
2022-12-02 14:42:06,425 [INFO] CodeEngine:245 - oldGeneratedFile, /Users/airlanggafidiyanto/Documents/Kuliah/Skripsi/bus-tracker/BusTracker/CM0PLUS/Core/Src/stm32wlxx_hal_msp.c_save
2022-12-02 14:42:06,519 [INFO] CodeEngine:269 - Generated code: /Users/airlanggafidiyanto/Documents/Kuliah/Skripsi/bus-tracker/BusTracker/CM0PLUS/Core/Src/stm32wlxx_hal_msp.c
2022-12-02 14:42:06,521 [INFO] CodeEngine:245 - oldGeneratedFile, /Users/airlanggafidiyanto/Documents/Kuliah/Skripsi/bus-tracker/BusTracker/CM0PLUS/MXTmpFiles/system.tmp_save
2022-12-02 14:42:06,569 [INFO] CodeEngine:269 - Generated code: /Users/airlanggafidiyanto/Documents/Kuliah/Skripsi/bus-tracker/BusTracker/CM0PLUS/MXTmpFiles/system.tmp
2022-12-02 14:42:06,572 [INFO] CodeEngine:245 - oldGeneratedFile, /Users/airlanggafidiyanto/Documents/Kuliah/Skripsi/bus-tracker/BusTracker/CM0PLUS/Core/Inc/stm32wlxx_hal_conf.h_save
2022-12-02 14:42:06,659 [INFO] CodeEngine:269 - Generated code: /Users/airlanggafidiyanto/Documents/Kuliah/Skripsi/bus-tracker/BusTracker/CM0PLUS/Core/Inc/stm32wlxx_hal_conf.h
2022-12-02 14:42:06,677 [WARN] IPConfigManager:3348 - IP not found : NVIC
2022-12-02 14:42:06,678 [WARN] CodeGenerator:3567 - IP not found : null
2022-12-02 14:42:06,680 [INFO] CodeEngine:245 - oldGeneratedFile, /Users/airlanggafidiyanto/Documents/Kuliah/Skripsi/bus-tracker/BusTracker/CM0PLUS/Core/Inc/main.h_save
2022-12-02 14:42:06,735 [INFO] CodeEngine:269 - Generated code: /Users/airlanggafidiyanto/Documents/Kuliah/Skripsi/bus-tracker/BusTracker/CM0PLUS/Core/Inc/main.h
2022-12-02 14:42:06,737 [INFO] CodeEngine:245 - oldGeneratedFile, /Users/airlanggafidiyanto/Documents/Kuliah/Skripsi/bus-tracker/BusTracker/CM0PLUS/Core/Src/main.c_save
2022-12-02 14:42:06,857 [INFO] CodeEngine:269 - Generated code: /Users/airlanggafidiyanto/Documents/Kuliah/Skripsi/bus-tracker/BusTracker/CM0PLUS/Core/Src/main.c
2022-12-02 14:42:07,584 [INFO] ProjectBuilder:2919 - Time for Copy HAL[1] : 94mS.
2022-12-02 14:42:07,607 [INFO] ProjectBuilder:4117 - Project Generator version: 3.17.1
2022-12-02 14:42:07,915 [INFO] ConfigFileManager:1394 - The Die is : DIE497
2022-12-02 14:42:13,653 [INFO] ProjectBuilder:4285 - Time for Generating toolchain IDE Files: 6045mS.
2022-12-02 14:42:13,658 [INFO] ProjectBuilder:2790 - Time for Copy CMSIS : 1mS.
2022-12-02 14:42:13,660 [INFO] ProjectBuilder:2790 - Time for Copy CMSIS : 0mS.
2022-12-02 14:45:38,018 [ERROR] ConfigurationRetriever:139 - IOException on connection: connect timed out
2022-12-02 14:45:40,031 [ERROR] ConfigurationRetriever:139 - IOException on connection: connect timed out
2022-12-02 14:45:42,042 [ERROR] ConfigurationRetriever:139 - IOException on connection: connect timed out
2022-12-02 14:45:45,168 [ERROR] ConfigurationRetriever:139 - IOException on connection: connect timed out
2022-12-02 14:45:47,400 [ERROR] AdobePublisher:162 - Exception while opening the connection: java.net.SocketTimeoutException: connect timed out
2022-12-02 14:45:58,596 [ERROR] ConfigurationRetriever:139 - IOException on connection: connect timed out
2022-12-02 14:46:00,763 [ERROR] AdobePublisher:162 - Exception while opening the connection: java.net.SocketTimeoutException: connect timed out
2022-12-02 14:46:04,742 [ERROR] ConfigurationRetriever:139 - IOException on connection: connect timed out
